{"D:\\Duoc\\Fullstack 2\\lvlup-FullStack2 P2\\src\\context\\CartContext.tsx": {"path":"D:\\Duoc\\Fullstack 2\\lvlup-FullStack2 P2\\src\\context\\CartContext.tsx","statementMap":{"0":{"start":{"line":21,"column":6},"end":{"line":21,"column":null}},"1":{"start":{"line":23,"column":23},"end":{"line":29,"column":null}},"2":{"start":{"line":24,"column":8},"end":{"line":24,"column":null}},"3":{"start":{"line":25,"column":2},"end":{"line":27,"column":null}},"4":{"start":{"line":26,"column":4},"end":{"line":26,"column":null}},"5":{"start":{"line":28,"column":2},"end":{"line":28,"column":null}},"6":{"start":{"line":35,"column":28},"end":{"line":164,"column":null}},"7":{"start":{"line":36,"column":28},"end":{"line":36,"column":null}},"8":{"start":{"line":39,"column":2},"end":{"line":41,"column":null}},"9":{"start":{"line":40,"column":4},"end":{"line":40,"column":null}},"10":{"start":{"line":44,"column":2},"end":{"line":47,"column":null}},"11":{"start":{"line":45,"column":4},"end":{"line":45,"column":null}},"12":{"start":{"line":46,"column":4},"end":{"line":46,"column":null}},"13":{"start":{"line":49,"column":22},"end":{"line":65,"column":null}},"14":{"start":{"line":50,"column":16},"end":{"line":50,"column":null}},"15":{"start":{"line":51,"column":4},"end":{"line":64,"column":null}},"16":{"start":{"line":52,"column":21},"end":{"line":52,"column":null}},"17":{"start":{"line":53,"column":6},"end":{"line":61,"column":null}},"18":{"start":{"line":55,"column":8},"end":{"line":55,"column":null}},"19":{"start":{"line":55,"column":47},"end":{"line":55,"column":67}},"20":{"start":{"line":56,"column":6},"end":{"line":61,"column":null}},"21":{"start":{"line":58,"column":8},"end":{"line":58,"column":null}},"22":{"start":{"line":60,"column":8},"end":{"line":60,"column":null}},"23":{"start":{"line":63,"column":6},"end":{"line":63,"column":null}},"24":{"start":{"line":67,"column":22},"end":{"line":69,"column":null}},"25":{"start":{"line":68,"column":4},"end":{"line":68,"column":null}},"26":{"start":{"line":71,"column":31},"end":{"line":77,"column":null}},"27":{"start":{"line":72,"column":29},"end":{"line":72,"column":null}},"28":{"start":{"line":73,"column":4},"end":{"line":76,"column":null}},"29":{"start":{"line":74,"column":20},"end":{"line":74,"column":null}},"30":{"start":{"line":74,"column":50},"end":{"line":74,"column":71}},"31":{"start":{"line":75,"column":6},"end":{"line":75,"column":null}},"32":{"start":{"line":79,"column":20},"end":{"line":105,"column":null}},"33":{"start":{"line":80,"column":10},"end":{"line":80,"column":null}},"34":{"start":{"line":81,"column":4},"end":{"line":84,"column":null}},"35":{"start":{"line":82,"column":6},"end":{"line":82,"column":null}},"36":{"start":{"line":83,"column":6},"end":{"line":83,"column":null}},"37":{"start":{"line":86,"column":4},"end":{"line":104,"column":null}},"38":{"start":{"line":87,"column":23},"end":{"line":87,"column":null}},"39":{"start":{"line":87,"column":43},"end":{"line":87,"column":64}},"40":{"start":{"line":88,"column":6},"end":{"line":103,"column":null}},"41":{"start":{"line":90,"column":8},"end":{"line":93,"column":null}},"42":{"start":{"line":91,"column":10},"end":{"line":91,"column":null}},"43":{"start":{"line":92,"column":10},"end":{"line":92,"column":null}},"44":{"start":{"line":95,"column":8},"end":{"line":99,"column":null}},"45":{"start":{"line":96,"column":10},"end":{"line":98,"column":null}},"46":{"start":{"line":102,"column":8},"end":{"line":102,"column":null}},"47":{"start":{"line":107,"column":25},"end":{"line":109,"column":null}},"48":{"start":{"line":108,"column":4},"end":{"line":108,"column":null}},"49":{"start":{"line":108,"column":25},"end":{"line":108,"column":69}},"50":{"start":{"line":108,"column":47},"end":{"line":108,"column":68}},"51":{"start":{"line":111,"column":25},"end":{"line":130,"column":null}},"52":{"start":{"line":112,"column":10},"end":{"line":112,"column":null}},"53":{"start":{"line":113,"column":4},"end":{"line":113,"column":null}},"54":{"start":{"line":113,"column":19},"end":{"line":113,"column":null}},"55":{"start":{"line":115,"column":4},"end":{"line":118,"column":null}},"56":{"start":{"line":116,"column":6},"end":{"line":116,"column":null}},"57":{"start":{"line":117,"column":6},"end":{"line":117,"column":null}},"58":{"start":{"line":120,"column":4},"end":{"line":123,"column":null}},"59":{"start":{"line":121,"column":6},"end":{"line":121,"column":null}},"60":{"start":{"line":122,"column":6},"end":{"line":122,"column":null}},"61":{"start":{"line":125,"column":4},"end":{"line":129,"column":null}},"62":{"start":{"line":126,"column":6},"end":{"line":128,"column":null}},"63":{"start":{"line":127,"column":8},"end":{"line":127,"column":null}},"64":{"start":{"line":132,"column":20},"end":{"line":135,"column":null}},"65":{"start":{"line":133,"column":4},"end":{"line":133,"column":null}},"66":{"start":{"line":134,"column":4},"end":{"line":134,"column":null}},"67":{"start":{"line":137,"column":23},"end":{"line":142,"column":null}},"68":{"start":{"line":138,"column":4},"end":{"line":141,"column":null}},"69":{"start":{"line":139,"column":12},"end":{"line":139,"column":null}},"70":{"start":{"line":140,"column":6},"end":{"line":140,"column":null}},"71":{"start":{"line":144,"column":23},"end":{"line":146,"column":null}},"72":{"start":{"line":145,"column":4},"end":{"line":145,"column":null}},"73":{"start":{"line":145,"column":43},"end":{"line":145,"column":66}},"74":{"start":{"line":148,"column":27},"end":{"line":150,"column":null}},"75":{"start":{"line":149,"column":4},"end":{"line":149,"column":null}},"76":{"start":{"line":149,"column":34},"end":{"line":149,"column":55}},"77":{"start":{"line":152,"column":33},"end":{"line":161,"column":null}},"78":{"start":{"line":163,"column":2},"end":{"line":163,"column":null}}},"fnMap":{"0":{"name":"(anonymous_0)","decl":{"start":{"line":23,"column":23},"end":{"line":23,"column":29}},"loc":{"start":{"line":23,"column":29},"end":{"line":29,"column":null}},"line":23},"1":{"name":"(anonymous_1)","decl":{"start":{"line":35,"column":28},"end":{"line":35,"column":29}},"loc":{"start":{"line":35,"column":65},"end":{"line":164,"column":null}},"line":35},"2":{"name":"(anonymous_2)","decl":{"start":{"line":39,"column":12},"end":{"line":39,"column":18}},"loc":{"start":{"line":39,"column":18},"end":{"line":41,"column":5}},"line":39},"3":{"name":"(anonymous_3)","decl":{"start":{"line":44,"column":12},"end":{"line":44,"column":18}},"loc":{"start":{"line":44,"column":18},"end":{"line":47,"column":5}},"line":44},"4":{"name":"(anonymous_4)","decl":{"start":{"line":49,"column":22},"end":{"line":49,"column":28}},"loc":{"start":{"line":49,"column":28},"end":{"line":65,"column":null}},"line":49},"5":{"name":"(anonymous_5)","decl":{"start":{"line":55,"column":30},"end":{"line":55,"column":31}},"loc":{"start":{"line":55,"column":47},"end":{"line":55,"column":67}},"line":55},"6":{"name":"(anonymous_6)","decl":{"start":{"line":67,"column":22},"end":{"line":67,"column":28}},"loc":{"start":{"line":67,"column":28},"end":{"line":69,"column":null}},"line":67},"7":{"name":"(anonymous_7)","decl":{"start":{"line":71,"column":31},"end":{"line":71,"column":37}},"loc":{"start":{"line":71,"column":37},"end":{"line":77,"column":null}},"line":71},"8":{"name":"(anonymous_8)","decl":{"start":{"line":74,"column":35},"end":{"line":74,"column":36}},"loc":{"start":{"line":74,"column":50},"end":{"line":74,"column":71}},"line":74},"9":{"name":"(anonymous_9)","decl":{"start":{"line":79,"column":20},"end":{"line":79,"column":21}},"loc":{"start":{"line":79,"column":43},"end":{"line":105,"column":null}},"line":79},"10":{"name":"(anonymous_10)","decl":{"start":{"line":86,"column":15},"end":{"line":86,"column":16}},"loc":{"start":{"line":86,"column":25},"end":{"line":104,"column":5}},"line":86},"11":{"name":"(anonymous_11)","decl":{"start":{"line":87,"column":33},"end":{"line":87,"column":34}},"loc":{"start":{"line":87,"column":43},"end":{"line":87,"column":64}},"line":87},"12":{"name":"(anonymous_12)","decl":{"start":{"line":95,"column":24},"end":{"line":95,"column":25}},"loc":{"start":{"line":96,"column":10},"end":{"line":98,"column":null}},"line":96},"13":{"name":"(anonymous_13)","decl":{"start":{"line":107,"column":25},"end":{"line":107,"column":26}},"loc":{"start":{"line":107,"column":48},"end":{"line":109,"column":null}},"line":107},"14":{"name":"(anonymous_14)","decl":{"start":{"line":108,"column":15},"end":{"line":108,"column":16}},"loc":{"start":{"line":108,"column":25},"end":{"line":108,"column":69}},"line":108},"15":{"name":"(anonymous_15)","decl":{"start":{"line":108,"column":37},"end":{"line":108,"column":38}},"loc":{"start":{"line":108,"column":47},"end":{"line":108,"column":68}},"line":108},"16":{"name":"(anonymous_16)","decl":{"start":{"line":111,"column":25},"end":{"line":111,"column":26}},"loc":{"start":{"line":111,"column":66},"end":{"line":130,"column":null}},"line":111},"17":{"name":"(anonymous_17)","decl":{"start":{"line":125,"column":15},"end":{"line":125,"column":16}},"loc":{"start":{"line":126,"column":6},"end":{"line":128,"column":null}},"line":126},"18":{"name":"(anonymous_18)","decl":{"start":{"line":126,"column":15},"end":{"line":126,"column":16}},"loc":{"start":{"line":127,"column":8},"end":{"line":127,"column":null}},"line":127},"19":{"name":"(anonymous_19)","decl":{"start":{"line":132,"column":20},"end":{"line":132,"column":26}},"loc":{"start":{"line":132,"column":26},"end":{"line":135,"column":null}},"line":132},"20":{"name":"(anonymous_20)","decl":{"start":{"line":137,"column":23},"end":{"line":137,"column":37}},"loc":{"start":{"line":137,"column":37},"end":{"line":142,"column":null}},"line":137},"21":{"name":"(anonymous_21)","decl":{"start":{"line":138,"column":26},"end":{"line":138,"column":27}},"loc":{"start":{"line":138,"column":43},"end":{"line":141,"column":7}},"line":138},"22":{"name":"(anonymous_22)","decl":{"start":{"line":144,"column":23},"end":{"line":144,"column":37}},"loc":{"start":{"line":144,"column":37},"end":{"line":146,"column":null}},"line":144},"23":{"name":"(anonymous_23)","decl":{"start":{"line":145,"column":26},"end":{"line":145,"column":27}},"loc":{"start":{"line":145,"column":43},"end":{"line":145,"column":66}},"line":145},"24":{"name":"(anonymous_24)","decl":{"start":{"line":148,"column":27},"end":{"line":148,"column":28}},"loc":{"start":{"line":148,"column":72},"end":{"line":150,"column":null}},"line":148},"25":{"name":"(anonymous_25)","decl":{"start":{"line":149,"column":24},"end":{"line":149,"column":25}},"loc":{"start":{"line":149,"column":34},"end":{"line":149,"column":55}},"line":149}},"branchMap":{"0":{"loc":{"start":{"line":25,"column":2},"end":{"line":27,"column":null}},"type":"if","locations":[{"start":{"line":25,"column":2},"end":{"line":27,"column":null}},{"start":{},"end":{}}],"line":25},"1":{"loc":{"start":{"line":52,"column":21},"end":{"line":52,"column":null}},"type":"cond-expr","locations":[{"start":{"line":52,"column":27},"end":{"line":52,"column":45}},{"start":{"line":52,"column":45},"end":{"line":52,"column":null}}],"line":52},"2":{"loc":{"start":{"line":53,"column":6},"end":{"line":61,"column":null}},"type":"if","locations":[{"start":{"line":53,"column":6},"end":{"line":61,"column":null}},{"start":{"line":56,"column":6},"end":{"line":61,"column":null}}],"line":53},"3":{"loc":{"start":{"line":53,"column":10},"end":{"line":53,"column":83}},"type":"binary-expr","locations":[{"start":{"line":53,"column":10},"end":{"line":53,"column":35}},{"start":{"line":53,"column":35},"end":{"line":53,"column":52}},{"start":{"line":53,"column":52},"end":{"line":53,"column":83}}],"line":53},"4":{"loc":{"start":{"line":56,"column":6},"end":{"line":61,"column":null}},"type":"if","locations":[{"start":{"line":56,"column":6},"end":{"line":61,"column":null}},{"start":{"line":59,"column":13},"end":{"line":61,"column":null}}],"line":56},"5":{"loc":{"start":{"line":73,"column":4},"end":{"line":76,"column":null}},"type":"if","locations":[{"start":{"line":73,"column":4},"end":{"line":76,"column":null}},{"start":{},"end":{}}],"line":73},"6":{"loc":{"start":{"line":81,"column":4},"end":{"line":84,"column":null}},"type":"if","locations":[{"start":{"line":81,"column":4},"end":{"line":84,"column":null}},{"start":{},"end":{}}],"line":81},"7":{"loc":{"start":{"line":88,"column":6},"end":{"line":103,"column":null}},"type":"if","locations":[{"start":{"line":88,"column":6},"end":{"line":103,"column":null}},{"start":{"line":100,"column":13},"end":{"line":103,"column":null}}],"line":88},"8":{"loc":{"start":{"line":90,"column":8},"end":{"line":93,"column":null}},"type":"if","locations":[{"start":{"line":90,"column":8},"end":{"line":93,"column":null}},{"start":{},"end":{}}],"line":90},"9":{"loc":{"start":{"line":96,"column":10},"end":{"line":98,"column":null}},"type":"cond-expr","locations":[{"start":{"line":97,"column":14},"end":{"line":97,"column":null}},{"start":{"line":98,"column":14},"end":{"line":98,"column":null}}],"line":96},"10":{"loc":{"start":{"line":113,"column":4},"end":{"line":113,"column":null}},"type":"if","locations":[{"start":{"line":113,"column":4},"end":{"line":113,"column":null}},{"start":{},"end":{}}],"line":113},"11":{"loc":{"start":{"line":115,"column":4},"end":{"line":118,"column":null}},"type":"if","locations":[{"start":{"line":115,"column":4},"end":{"line":118,"column":null}},{"start":{},"end":{}}],"line":115},"12":{"loc":{"start":{"line":120,"column":4},"end":{"line":123,"column":null}},"type":"if","locations":[{"start":{"line":120,"column":4},"end":{"line":123,"column":null}},{"start":{},"end":{}}],"line":120},"13":{"loc":{"start":{"line":127,"column":8},"end":{"line":127,"column":null}},"type":"cond-expr","locations":[{"start":{"line":127,"column":32},"end":{"line":127,"column":56}},{"start":{"line":127,"column":56},"end":{"line":127,"column":null}}],"line":127},"14":{"loc":{"start":{"line":140,"column":22},"end":{"line":140,"column":null}},"type":"cond-expr","locations":[{"start":{"line":140,"column":33},"end":{"line":140,"column":67}},{"start":{"line":140,"column":67},"end":{"line":140,"column":null}}],"line":140}},"s":{"0":1,"1":1,"2":14,"3":14,"4":0,"5":14,"6":1,"7":14,"8":14,"9":4,"10":14,"11":14,"12":14,"13":14,"14":4,"15":4,"16":4,"17":4,"18":0,"19":0,"20":4,"21":4,"22":0,"23":0,"24":14,"25":14,"26":14,"27":14,"28":14,"29":0,"30":0,"31":0,"32":14,"33":9,"34":9,"35":0,"36":0,"37":9,"38":9,"39":6,"40":9,"41":1,"42":0,"43":0,"44":1,"45":1,"46":8,"47":14,"48":1,"49":1,"50":2,"51":14,"52":0,"53":0,"54":0,"55":0,"56":0,"57":0,"58":0,"59":0,"60":0,"61":0,"62":0,"63":0,"64":14,"65":1,"66":1,"67":14,"68":2,"69":2,"70":2,"71":14,"72":1,"73":0,"74":14,"75":0,"76":0,"77":14,"78":14},"f":{"0":14,"1":14,"2":4,"3":14,"4":4,"5":0,"6":14,"7":14,"8":0,"9":9,"10":9,"11":6,"12":1,"13":1,"14":1,"15":2,"16":0,"17":0,"18":0,"19":1,"20":2,"21":2,"22":1,"23":0,"24":0,"25":0},"b":{"0":[0,14],"1":[0,4],"2":[0,4],"3":[4,4,0],"4":[4,0],"5":[0,14],"6":[0,9],"7":[1,8],"8":[0,1],"9":[1,0],"10":[0,0],"11":[0,0],"12":[0,0],"13":[0,0],"14":[2,0]},"meta":{"lastBranch":15,"lastFunction":26,"lastStatement":79,"seen":{"s:21:6:21:Infinity":0,"s:23:23:29:Infinity":1,"f:23:23:23:29":0,"s:24:8:24:Infinity":2,"b:25:2:27:Infinity:undefined:undefined:undefined:undefined":0,"s:25:2:27:Infinity":3,"s:26:4:26:Infinity":4,"s:28:2:28:Infinity":5,"s:35:28:164:Infinity":6,"f:35:28:35:29":1,"s:36:28:36:Infinity":7,"s:39:2:41:Infinity":8,"f:39:12:39:18":2,"s:40:4:40:Infinity":9,"s:44:2:47:Infinity":10,"f:44:12:44:18":3,"s:45:4:45:Infinity":11,"s:46:4:46:Infinity":12,"s:49:22:65:Infinity":13,"f:49:22:49:28":4,"s:50:16:50:Infinity":14,"s:51:4:64:Infinity":15,"s:52:21:52:Infinity":16,"b:52:27:52:45:52:45:52:Infinity":1,"b:53:6:61:Infinity:56:6:61:Infinity":2,"s:53:6:61:Infinity":17,"b:53:10:53:35:53:35:53:52:53:52:53:83":3,"s:55:8:55:Infinity":18,"f:55:30:55:31":5,"s:55:47:55:67":19,"b:56:6:61:Infinity:59:13:61:Infinity":4,"s:56:6:61:Infinity":20,"s:58:8:58:Infinity":21,"s:60:8:60:Infinity":22,"s:63:6:63:Infinity":23,"s:67:22:69:Infinity":24,"f:67:22:67:28":6,"s:68:4:68:Infinity":25,"s:71:31:77:Infinity":26,"f:71:31:71:37":7,"s:72:29:72:Infinity":27,"b:73:4:76:Infinity:undefined:undefined:undefined:undefined":5,"s:73:4:76:Infinity":28,"s:74:20:74:Infinity":29,"f:74:35:74:36":8,"s:74:50:74:71":30,"s:75:6:75:Infinity":31,"s:79:20:105:Infinity":32,"f:79:20:79:21":9,"s:80:10:80:Infinity":33,"b:81:4:84:Infinity:undefined:undefined:undefined:undefined":6,"s:81:4:84:Infinity":34,"s:82:6:82:Infinity":35,"s:83:6:83:Infinity":36,"s:86:4:104:Infinity":37,"f:86:15:86:16":10,"s:87:23:87:Infinity":38,"f:87:33:87:34":11,"s:87:43:87:64":39,"b:88:6:103:Infinity:100:13:103:Infinity":7,"s:88:6:103:Infinity":40,"b:90:8:93:Infinity:undefined:undefined:undefined:undefined":8,"s:90:8:93:Infinity":41,"s:91:10:91:Infinity":42,"s:92:10:92:Infinity":43,"s:95:8:99:Infinity":44,"f:95:24:95:25":12,"s:96:10:98:Infinity":45,"b:97:14:97:Infinity:98:14:98:Infinity":9,"s:102:8:102:Infinity":46,"s:107:25:109:Infinity":47,"f:107:25:107:26":13,"s:108:4:108:Infinity":48,"f:108:15:108:16":14,"s:108:25:108:69":49,"f:108:37:108:38":15,"s:108:47:108:68":50,"s:111:25:130:Infinity":51,"f:111:25:111:26":16,"s:112:10:112:Infinity":52,"b:113:4:113:Infinity:undefined:undefined:undefined:undefined":10,"s:113:4:113:Infinity":53,"s:113:19:113:Infinity":54,"b:115:4:118:Infinity:undefined:undefined:undefined:undefined":11,"s:115:4:118:Infinity":55,"s:116:6:116:Infinity":56,"s:117:6:117:Infinity":57,"b:120:4:123:Infinity:undefined:undefined:undefined:undefined":12,"s:120:4:123:Infinity":58,"s:121:6:121:Infinity":59,"s:122:6:122:Infinity":60,"s:125:4:129:Infinity":61,"f:125:15:125:16":17,"s:126:6:128:Infinity":62,"f:126:15:126:16":18,"s:127:8:127:Infinity":63,"b:127:32:127:56:127:56:127:Infinity":13,"s:132:20:135:Infinity":64,"f:132:20:132:26":19,"s:133:4:133:Infinity":65,"s:134:4:134:Infinity":66,"s:137:23:142:Infinity":67,"f:137:23:137:37":20,"s:138:4:141:Infinity":68,"f:138:26:138:27":21,"s:139:12:139:Infinity":69,"s:140:6:140:Infinity":70,"b:140:33:140:67:140:67:140:Infinity":14,"s:144:23:146:Infinity":71,"f:144:23:144:37":22,"s:145:4:145:Infinity":72,"f:145:26:145:27":23,"s:145:43:145:66":73,"s:148:27:150:Infinity":74,"f:148:27:148:28":24,"s:149:4:149:Infinity":75,"f:149:24:149:25":25,"s:149:34:149:55":76,"s:152:33:161:Infinity":77,"s:163:2:163:Infinity":78}}}
,"D:\\Duoc\\Fullstack 2\\lvlup-FullStack2 P2\\src\\data\\products.ts": {"path":"D:\\Duoc\\Fullstack 2\\lvlup-FullStack2 P2\\src\\data\\products.ts","statementMap":{"0":{"start":{"line":13,"column":35},"end":{"line":772,"column":null}},"1":{"start":{"line":775,"column":30},"end":{"line":777,"column":null}},"2":{"start":{"line":776,"column":2},"end":{"line":776,"column":null}},"3":{"start":{"line":779,"column":30},"end":{"line":781,"column":null}},"4":{"start":{"line":780,"column":2},"end":{"line":780,"column":null}},"5":{"start":{"line":780,"column":28},"end":{"line":780,"column":39}},"6":{"start":{"line":783,"column":37},"end":{"line":785,"column":null}},"7":{"start":{"line":784,"column":2},"end":{"line":784,"column":null}},"8":{"start":{"line":784,"column":30},"end":{"line":784,"column":55}},"9":{"start":{"line":787,"column":30},"end":{"line":794,"column":null}},"10":{"start":{"line":788,"column":21},"end":{"line":788,"column":null}},"11":{"start":{"line":789,"column":2},"end":{"line":793,"column":null}},"12":{"start":{"line":790,"column":4},"end":{"line":792,"column":null}},"13":{"start":{"line":796,"column":29},"end":{"line":798,"column":null}},"14":{"start":{"line":797,"column":2},"end":{"line":797,"column":null}},"15":{"start":{"line":797,"column":46},"end":{"line":797,"column":57}},"16":{"start":{"line":801,"column":29},"end":{"line":808,"column":null}},"17":{"start":{"line":802,"column":17},"end":{"line":802,"column":null}},"18":{"start":{"line":803,"column":22},"end":{"line":803,"column":null}},"19":{"start":{"line":804,"column":16},"end":{"line":804,"column":null}},"20":{"start":{"line":805,"column":21},"end":{"line":805,"column":null}},"21":{"start":{"line":806,"column":2},"end":{"line":806,"column":null}},"22":{"start":{"line":807,"column":2},"end":{"line":807,"column":null}},"23":{"start":{"line":810,"column":29},"end":{"line":816,"column":null}},"24":{"start":{"line":811,"column":16},"end":{"line":811,"column":null}},"25":{"start":{"line":811,"column":40},"end":{"line":811,"column":51}},"26":{"start":{"line":812,"column":2},"end":{"line":812,"column":null}},"27":{"start":{"line":812,"column":20},"end":{"line":812,"column":null}},"28":{"start":{"line":814,"column":2},"end":{"line":814,"column":null}},"29":{"start":{"line":815,"column":2},"end":{"line":815,"column":null}},"30":{"start":{"line":818,"column":29},"end":{"line":824,"column":null}},"31":{"start":{"line":819,"column":16},"end":{"line":819,"column":null}},"32":{"start":{"line":819,"column":40},"end":{"line":819,"column":51}},"33":{"start":{"line":820,"column":2},"end":{"line":820,"column":null}},"34":{"start":{"line":820,"column":20},"end":{"line":820,"column":null}},"35":{"start":{"line":822,"column":2},"end":{"line":822,"column":null}},"36":{"start":{"line":823,"column":2},"end":{"line":823,"column":null}}},"fnMap":{"0":{"name":"(anonymous_0)","decl":{"start":{"line":775,"column":30},"end":{"line":775,"column":47}},"loc":{"start":{"line":775,"column":47},"end":{"line":777,"column":null}},"line":775},"1":{"name":"(anonymous_1)","decl":{"start":{"line":779,"column":30},"end":{"line":779,"column":31}},"loc":{"start":{"line":779,"column":67},"end":{"line":781,"column":null}},"line":779},"2":{"name":"(anonymous_2)","decl":{"start":{"line":780,"column":23},"end":{"line":780,"column":28}},"loc":{"start":{"line":780,"column":28},"end":{"line":780,"column":39}},"line":780},"3":{"name":"(anonymous_3)","decl":{"start":{"line":783,"column":37},"end":{"line":783,"column":38}},"loc":{"start":{"line":783,"column":71},"end":{"line":785,"column":null}},"line":783},"4":{"name":"(anonymous_4)","decl":{"start":{"line":784,"column":25},"end":{"line":784,"column":30}},"loc":{"start":{"line":784,"column":30},"end":{"line":784,"column":55}},"line":784},"5":{"name":"(anonymous_5)","decl":{"start":{"line":787,"column":30},"end":{"line":787,"column":31}},"loc":{"start":{"line":787,"column":60},"end":{"line":794,"column":null}},"line":787},"6":{"name":"(anonymous_6)","decl":{"start":{"line":789,"column":25},"end":{"line":789,"column":null}},"loc":{"start":{"line":790,"column":4},"end":{"line":792,"column":null}},"line":790},"7":{"name":"(anonymous_7)","decl":{"start":{"line":796,"column":29},"end":{"line":796,"column":45}},"loc":{"start":{"line":796,"column":45},"end":{"line":798,"column":null}},"line":796},"8":{"name":"(anonymous_8)","decl":{"start":{"line":797,"column":41},"end":{"line":797,"column":46}},"loc":{"start":{"line":797,"column":46},"end":{"line":797,"column":57}},"line":797},"9":{"name":"(anonymous_9)","decl":{"start":{"line":801,"column":29},"end":{"line":801,"column":30}},"loc":{"start":{"line":801,"column":72},"end":{"line":808,"column":null}},"line":801},"10":{"name":"(anonymous_10)","decl":{"start":{"line":810,"column":29},"end":{"line":810,"column":30}},"loc":{"start":{"line":810,"column":88},"end":{"line":816,"column":null}},"line":810},"11":{"name":"(anonymous_11)","decl":{"start":{"line":811,"column":35},"end":{"line":811,"column":40}},"loc":{"start":{"line":811,"column":40},"end":{"line":811,"column":51}},"line":811},"12":{"name":"(anonymous_12)","decl":{"start":{"line":818,"column":29},"end":{"line":818,"column":30}},"loc":{"start":{"line":818,"column":54},"end":{"line":824,"column":null}},"line":818},"13":{"name":"(anonymous_13)","decl":{"start":{"line":819,"column":35},"end":{"line":819,"column":40}},"loc":{"start":{"line":819,"column":40},"end":{"line":819,"column":51}},"line":819}},"branchMap":{"0":{"loc":{"start":{"line":790,"column":4},"end":{"line":792,"column":null}},"type":"binary-expr","locations":[{"start":{"line":790,"column":4},"end":{"line":790,"column":null}},{"start":{"line":791,"column":4},"end":{"line":791,"column":null}},{"start":{"line":792,"column":4},"end":{"line":792,"column":null}}],"line":790},"1":{"loc":{"start":{"line":802,"column":17},"end":{"line":802,"column":null}},"type":"binary-expr","locations":[{"start":{"line":802,"column":17},"end":{"line":802,"column":54}},{"start":{"line":802,"column":54},"end":{"line":802,"column":null}}],"line":802},"2":{"loc":{"start":{"line":803,"column":22},"end":{"line":803,"column":null}},"type":"binary-expr","locations":[{"start":{"line":803,"column":22},"end":{"line":803,"column":55}},{"start":{"line":803,"column":55},"end":{"line":803,"column":null}}],"line":803},"3":{"loc":{"start":{"line":812,"column":2},"end":{"line":812,"column":null}},"type":"if","locations":[{"start":{"line":812,"column":2},"end":{"line":812,"column":null}},{"start":{},"end":{}}],"line":812},"4":{"loc":{"start":{"line":820,"column":2},"end":{"line":820,"column":null}},"type":"if","locations":[{"start":{"line":820,"column":2},"end":{"line":820,"column":null}},{"start":{},"end":{}}],"line":820}},"s":{"0":1,"1":1,"2":0,"3":1,"4":0,"5":0,"6":1,"7":0,"8":0,"9":1,"10":0,"11":0,"12":0,"13":1,"14":0,"15":0,"16":1,"17":0,"18":0,"19":0,"20":0,"21":0,"22":0,"23":1,"24":0,"25":0,"26":0,"27":0,"28":0,"29":0,"30":1,"31":0,"32":0,"33":0,"34":0,"35":0,"36":0},"f":{"0":0,"1":0,"2":0,"3":0,"4":0,"5":0,"6":0,"7":0,"8":0,"9":0,"10":0,"11":0,"12":0,"13":0},"b":{"0":[0,0,0],"1":[0,0],"2":[0,0],"3":[0,0],"4":[0,0]},"meta":{"lastBranch":5,"lastFunction":14,"lastStatement":37,"seen":{"s:13:35:772:Infinity":0,"s:775:30:777:Infinity":1,"f:775:30:775:47":0,"s:776:2:776:Infinity":2,"s:779:30:781:Infinity":3,"f:779:30:779:31":1,"s:780:2:780:Infinity":4,"f:780:23:780:28":2,"s:780:28:780:39":5,"s:783:37:785:Infinity":6,"f:783:37:783:38":3,"s:784:2:784:Infinity":7,"f:784:25:784:30":4,"s:784:30:784:55":8,"s:787:30:794:Infinity":9,"f:787:30:787:31":5,"s:788:21:788:Infinity":10,"s:789:2:793:Infinity":11,"f:789:25:789:Infinity":6,"s:790:4:792:Infinity":12,"b:790:4:790:Infinity:791:4:791:Infinity:792:4:792:Infinity":0,"s:796:29:798:Infinity":13,"f:796:29:796:45":7,"s:797:2:797:Infinity":14,"f:797:41:797:46":8,"s:797:46:797:57":15,"s:801:29:808:Infinity":16,"f:801:29:801:30":9,"s:802:17:802:Infinity":17,"b:802:17:802:54:802:54:802:Infinity":1,"s:803:22:803:Infinity":18,"b:803:22:803:55:803:55:803:Infinity":2,"s:804:16:804:Infinity":19,"s:805:21:805:Infinity":20,"s:806:2:806:Infinity":21,"s:807:2:807:Infinity":22,"s:810:29:816:Infinity":23,"f:810:29:810:30":10,"s:811:16:811:Infinity":24,"f:811:35:811:40":11,"s:811:40:811:51":25,"b:812:2:812:Infinity:undefined:undefined:undefined:undefined":3,"s:812:2:812:Infinity":26,"s:812:20:812:Infinity":27,"s:814:2:814:Infinity":28,"s:815:2:815:Infinity":29,"s:818:29:824:Infinity":30,"f:818:29:818:30":12,"s:819:16:819:Infinity":31,"f:819:35:819:40":13,"s:819:40:819:51":32,"b:820:2:820:Infinity:undefined:undefined:undefined:undefined":4,"s:820:2:820:Infinity":33,"s:820:20:820:Infinity":34,"s:822:2:822:Infinity":35,"s:823:2:823:Infinity":36}}}
,"D:\\Duoc\\Fullstack 2\\lvlup-FullStack2 P2\\src\\utils\\productService.ts": {"path":"D:\\Duoc\\Fullstack 2\\lvlup-FullStack2 P2\\src\\utils\\productService.ts","statementMap":{"0":{"start":{"line":4,"column":20},"end":{"line":4,"column":null}},"1":{"start":{"line":7,"column":2},"end":{"line":9,"column":null}},"2":{"start":{"line":8,"column":4},"end":{"line":8,"column":null}},"3":{"start":{"line":13,"column":2},"end":{"line":13,"column":null}},"4":{"start":{"line":14,"column":14},"end":{"line":14,"column":null}},"5":{"start":{"line":15,"column":2},"end":{"line":19,"column":null}},"6":{"start":{"line":16,"column":4},"end":{"line":16,"column":null}},"7":{"start":{"line":18,"column":4},"end":{"line":18,"column":null}},"8":{"start":{"line":23,"column":2},"end":{"line":23,"column":null}},"9":{"start":{"line":27,"column":2},"end":{"line":27,"column":null}},"10":{"start":{"line":27,"column":35},"end":{"line":27,"column":46}},"11":{"start":{"line":31,"column":15},"end":{"line":31,"column":null}},"12":{"start":{"line":32,"column":16},"end":{"line":32,"column":null}},"13":{"start":{"line":33,"column":8},"end":{"line":33,"column":null}},"14":{"start":{"line":34,"column":13},"end":{"line":34,"column":null}},"15":{"start":{"line":35,"column":30},"end":{"line":35,"column":null}},"16":{"start":{"line":36,"column":2},"end":{"line":36,"column":null}},"17":{"start":{"line":37,"column":2},"end":{"line":37,"column":null}},"18":{"start":{"line":38,"column":2},"end":{"line":38,"column":null}},"19":{"start":{"line":42,"column":15},"end":{"line":42,"column":null}},"20":{"start":{"line":43,"column":14},"end":{"line":43,"column":null}},"21":{"start":{"line":43,"column":36},"end":{"line":43,"column":55}},"22":{"start":{"line":44,"column":2},"end":{"line":44,"column":null}},"23":{"start":{"line":44,"column":18},"end":{"line":44,"column":null}},"24":{"start":{"line":45,"column":2},"end":{"line":45,"column":null}},"25":{"start":{"line":46,"column":2},"end":{"line":46,"column":null}},"26":{"start":{"line":47,"column":2},"end":{"line":47,"column":null}},"27":{"start":{"line":51,"column":15},"end":{"line":51,"column":null}},"28":{"start":{"line":52,"column":18},"end":{"line":52,"column":null}},"29":{"start":{"line":52,"column":37},"end":{"line":52,"column":48}},"30":{"start":{"line":53,"column":2},"end":{"line":53,"column":null}},"31":{"start":{"line":53,"column":38},"end":{"line":53,"column":null}},"32":{"start":{"line":54,"column":2},"end":{"line":54,"column":null}},"33":{"start":{"line":55,"column":2},"end":{"line":55,"column":null}},"34":{"start":{"line":67,"column":15},"end":{"line":67,"column":null}},"35":{"start":{"line":68,"column":53},"end":{"line":68,"column":null}},"36":{"start":{"line":71,"column":2},"end":{"line":80,"column":null}},"37":{"start":{"line":72,"column":14},"end":{"line":72,"column":null}},"38":{"start":{"line":72,"column":31},"end":{"line":72,"column":45}},"39":{"start":{"line":73,"column":4},"end":{"line":76,"column":null}},"40":{"start":{"line":74,"column":6},"end":{"line":74,"column":null}},"41":{"start":{"line":75,"column":6},"end":{"line":75,"column":null}},"42":{"start":{"line":77,"column":4},"end":{"line":79,"column":null}},"43":{"start":{"line":78,"column":6},"end":{"line":78,"column":null}},"44":{"start":{"line":82,"column":2},"end":{"line":84,"column":null}},"45":{"start":{"line":83,"column":4},"end":{"line":83,"column":null}},"46":{"start":{"line":87,"column":18},"end":{"line":93,"column":null}},"47":{"start":{"line":88,"column":18},"end":{"line":88,"column":null}},"48":{"start":{"line":88,"column":37},"end":{"line":88,"column":51}},"49":{"start":{"line":89,"column":4},"end":{"line":91,"column":null}},"50":{"start":{"line":90,"column":6},"end":{"line":90,"column":null}},"51":{"start":{"line":92,"column":4},"end":{"line":92,"column":null}},"52":{"start":{"line":95,"column":2},"end":{"line":95,"column":null}},"53":{"start":{"line":96,"column":2},"end":{"line":96,"column":null}}},"fnMap":{"0":{"name":"initProducts","decl":{"start":{"line":6,"column":9},"end":{"line":6,"column":24}},"loc":{"start":{"line":6,"column":24},"end":{"line":10,"column":null}},"line":6},"1":{"name":"getProducts","decl":{"start":{"line":12,"column":16},"end":{"line":12,"column":41}},"loc":{"start":{"line":12,"column":41},"end":{"line":20,"column":null}},"line":12},"2":{"name":"saveProducts","decl":{"start":{"line":22,"column":9},"end":{"line":22,"column":22}},"loc":{"start":{"line":22,"column":39},"end":{"line":24,"column":null}},"line":22},"3":{"name":"getProductById","decl":{"start":{"line":26,"column":16},"end":{"line":26,"column":31}},"loc":{"start":{"line":26,"column":64},"end":{"line":28,"column":null}},"line":26},"4":{"name":"(anonymous_4)","decl":{"start":{"line":27,"column":28},"end":{"line":27,"column":29}},"loc":{"start":{"line":27,"column":35},"end":{"line":27,"column":46}},"line":27},"5":{"name":"createProduct","decl":{"start":{"line":30,"column":16},"end":{"line":30,"column":30}},"loc":{"start":{"line":30,"column":66},"end":{"line":39,"column":null}},"line":30},"6":{"name":"updateProduct","decl":{"start":{"line":41,"column":16},"end":{"line":41,"column":30}},"loc":{"start":{"line":41,"column":57},"end":{"line":48,"column":null}},"line":41},"7":{"name":"(anonymous_7)","decl":{"start":{"line":43,"column":29},"end":{"line":43,"column":30}},"loc":{"start":{"line":43,"column":36},"end":{"line":43,"column":55}},"line":43},"8":{"name":"deleteProduct","decl":{"start":{"line":50,"column":16},"end":{"line":50,"column":30}},"loc":{"start":{"line":50,"column":51},"end":{"line":56,"column":null}},"line":50},"9":{"name":"(anonymous_9)","decl":{"start":{"line":52,"column":30},"end":{"line":52,"column":31}},"loc":{"start":{"line":52,"column":37},"end":{"line":52,"column":48}},"line":52},"10":{"name":"decrementStock","decl":{"start":{"line":63,"column":16},"end":{"line":63,"column":31}},"loc":{"start":{"line":66,"column":2},"end":{"line":97,"column":null}},"line":66},"11":{"name":"(anonymous_11)","decl":{"start":{"line":72,"column":24},"end":{"line":72,"column":25}},"loc":{"start":{"line":72,"column":31},"end":{"line":72,"column":45}},"line":72},"12":{"name":"(anonymous_12)","decl":{"start":{"line":87,"column":27},"end":{"line":87,"column":28}},"loc":{"start":{"line":87,"column":34},"end":{"line":93,"column":3}},"line":87},"13":{"name":"(anonymous_13)","decl":{"start":{"line":88,"column":29},"end":{"line":88,"column":30}},"loc":{"start":{"line":88,"column":37},"end":{"line":88,"column":51}},"line":88}},"branchMap":{"0":{"loc":{"start":{"line":7,"column":2},"end":{"line":9,"column":null}},"type":"if","locations":[{"start":{"line":7,"column":2},"end":{"line":9,"column":null}},{"start":{},"end":{}}],"line":7},"1":{"loc":{"start":{"line":14,"column":14},"end":{"line":14,"column":null}},"type":"binary-expr","locations":[{"start":{"line":14,"column":14},"end":{"line":14,"column":51}},{"start":{"line":14,"column":51},"end":{"line":14,"column":null}}],"line":14},"2":{"loc":{"start":{"line":32,"column":16},"end":{"line":32,"column":null}},"type":"binary-expr","locations":[{"start":{"line":32,"column":16},"end":{"line":32,"column":49}},{"start":{"line":32,"column":49},"end":{"line":32,"column":null}}],"line":32},"3":{"loc":{"start":{"line":33,"column":18},"end":{"line":33,"column":54}},"type":"binary-expr","locations":[{"start":{"line":33,"column":18},"end":{"line":33,"column":48}},{"start":{"line":33,"column":48},"end":{"line":33,"column":54}}],"line":33},"4":{"loc":{"start":{"line":44,"column":2},"end":{"line":44,"column":null}},"type":"if","locations":[{"start":{"line":44,"column":2},"end":{"line":44,"column":null}},{"start":{},"end":{}}],"line":44},"5":{"loc":{"start":{"line":53,"column":2},"end":{"line":53,"column":null}},"type":"if","locations":[{"start":{"line":53,"column":2},"end":{"line":53,"column":null}},{"start":{},"end":{}}],"line":53},"6":{"loc":{"start":{"line":73,"column":4},"end":{"line":76,"column":null}},"type":"if","locations":[{"start":{"line":73,"column":4},"end":{"line":76,"column":null}},{"start":{},"end":{}}],"line":73},"7":{"loc":{"start":{"line":77,"column":4},"end":{"line":79,"column":null}},"type":"if","locations":[{"start":{"line":77,"column":4},"end":{"line":79,"column":null}},{"start":{},"end":{}}],"line":77},"8":{"loc":{"start":{"line":82,"column":2},"end":{"line":84,"column":null}},"type":"if","locations":[{"start":{"line":82,"column":2},"end":{"line":84,"column":null}},{"start":{},"end":{}}],"line":82},"9":{"loc":{"start":{"line":89,"column":4},"end":{"line":91,"column":null}},"type":"if","locations":[{"start":{"line":89,"column":4},"end":{"line":91,"column":null}},{"start":{},"end":{}}],"line":89}},"s":{"0":1,"1":9,"2":4,"3":9,"4":9,"5":9,"6":9,"7":0,"8":5,"9":0,"10":0,"11":3,"12":3,"13":3,"14":3,"15":3,"16":3,"17":3,"18":3,"19":0,"20":0,"21":0,"22":0,"23":0,"24":0,"25":0,"26":0,"27":1,"28":1,"29":84,"30":1,"31":0,"32":1,"33":1,"34":1,"35":1,"36":1,"37":1,"38":84,"39":1,"40":0,"41":0,"42":1,"43":0,"44":1,"45":0,"46":1,"47":84,"48":84,"49":84,"50":1,"51":83,"52":1,"53":1},"f":{"0":9,"1":9,"2":5,"3":0,"4":0,"5":3,"6":0,"7":0,"8":1,"9":84,"10":1,"11":84,"12":84,"13":84},"b":{"0":[4,5],"1":[9,0],"2":[3,0],"3":[3,0],"4":[0,0],"5":[0,1],"6":[0,1],"7":[0,1],"8":[0,1],"9":[1,83]},"meta":{"lastBranch":10,"lastFunction":14,"lastStatement":54,"seen":{"s:4:20:4:Infinity":0,"f:6:9:6:24":0,"b:7:2:9:Infinity:undefined:undefined:undefined:undefined":0,"s:7:2:9:Infinity":1,"s:8:4:8:Infinity":2,"f:12:16:12:41":1,"s:13:2:13:Infinity":3,"s:14:14:14:Infinity":4,"b:14:14:14:51:14:51:14:Infinity":1,"s:15:2:19:Infinity":5,"s:16:4:16:Infinity":6,"s:18:4:18:Infinity":7,"f:22:9:22:22":2,"s:23:2:23:Infinity":8,"f:26:16:26:31":3,"s:27:2:27:Infinity":9,"f:27:28:27:29":4,"s:27:35:27:46":10,"f:30:16:30:30":5,"s:31:15:31:Infinity":11,"s:32:16:32:Infinity":12,"b:32:16:32:49:32:49:32:Infinity":2,"s:33:8:33:Infinity":13,"b:33:18:33:48:33:48:33:54":3,"s:34:13:34:Infinity":14,"s:35:30:35:Infinity":15,"s:36:2:36:Infinity":16,"s:37:2:37:Infinity":17,"s:38:2:38:Infinity":18,"f:41:16:41:30":6,"s:42:15:42:Infinity":19,"s:43:14:43:Infinity":20,"f:43:29:43:30":7,"s:43:36:43:55":21,"b:44:2:44:Infinity:undefined:undefined:undefined:undefined":4,"s:44:2:44:Infinity":22,"s:44:18:44:Infinity":23,"s:45:2:45:Infinity":24,"s:46:2:46:Infinity":25,"s:47:2:47:Infinity":26,"f:50:16:50:30":8,"s:51:15:51:Infinity":27,"s:52:18:52:Infinity":28,"f:52:30:52:31":9,"s:52:37:52:48":29,"b:53:2:53:Infinity:undefined:undefined:undefined:undefined":5,"s:53:2:53:Infinity":30,"s:53:38:53:Infinity":31,"s:54:2:54:Infinity":32,"s:55:2:55:Infinity":33,"f:63:16:63:31":10,"s:67:15:67:Infinity":34,"s:68:53:68:Infinity":35,"s:71:2:80:Infinity":36,"s:72:14:72:Infinity":37,"f:72:24:72:25":11,"s:72:31:72:45":38,"b:73:4:76:Infinity:undefined:undefined:undefined:undefined":6,"s:73:4:76:Infinity":39,"s:74:6:74:Infinity":40,"s:75:6:75:Infinity":41,"b:77:4:79:Infinity:undefined:undefined:undefined:undefined":7,"s:77:4:79:Infinity":42,"s:78:6:78:Infinity":43,"b:82:2:84:Infinity:undefined:undefined:undefined:undefined":8,"s:82:2:84:Infinity":44,"s:83:4:83:Infinity":45,"s:87:18:93:Infinity":46,"f:87:27:87:28":12,"s:88:18:88:Infinity":47,"f:88:29:88:30":13,"s:88:37:88:51":48,"b:89:4:91:Infinity:undefined:undefined:undefined:undefined":9,"s:89:4:91:Infinity":49,"s:90:6:90:Infinity":50,"s:92:4:92:Infinity":51,"s:95:2:95:Infinity":52,"s:96:2:96:Infinity":53}}}
,"D:\\Duoc\\Fullstack 2\\lvlup-FullStack2 P2\\src\\utils\\userService.ts": {"path":"D:\\Duoc\\Fullstack 2\\lvlup-FullStack2 P2\\src\\utils\\userService.ts","statementMap":{"0":{"start":{"line":17,"column":20},"end":{"line":17,"column":null}},"1":{"start":{"line":20,"column":2},"end":{"line":22,"column":null}},"2":{"start":{"line":21,"column":4},"end":{"line":21,"column":null}},"3":{"start":{"line":26,"column":2},"end":{"line":26,"column":null}},"4":{"start":{"line":27,"column":2},"end":{"line":33,"column":null}},"5":{"start":{"line":28,"column":16},"end":{"line":28,"column":null}},"6":{"start":{"line":29,"column":16},"end":{"line":29,"column":null}},"7":{"start":{"line":30,"column":4},"end":{"line":30,"column":null}},"8":{"start":{"line":32,"column":4},"end":{"line":32,"column":null}},"9":{"start":{"line":37,"column":2},"end":{"line":40,"column":null}},"10":{"start":{"line":39,"column":36},"end":{"line":39,"column":45}},"11":{"start":{"line":44,"column":17},"end":{"line":44,"column":null}},"12":{"start":{"line":45,"column":2},"end":{"line":45,"column":null}},"13":{"start":{"line":49,"column":2},"end":{"line":49,"column":null}},"14":{"start":{"line":49,"column":15},"end":{"line":49,"column":null}},"15":{"start":{"line":50,"column":2},"end":{"line":50,"column":null}},"16":{"start":{"line":50,"column":32},"end":{"line":50,"column":51}},"17":{"start":{"line":54,"column":15},"end":{"line":54,"column":null}},"18":{"start":{"line":56,"column":2},"end":{"line":61,"column":null}},"19":{"start":{"line":57,"column":19},"end":{"line":57,"column":null}},"20":{"start":{"line":57,"column":36},"end":{"line":57,"column":60}},"21":{"start":{"line":58,"column":4},"end":{"line":60,"column":null}},"22":{"start":{"line":59,"column":6},"end":{"line":59,"column":null}},"23":{"start":{"line":62,"column":13},"end":{"line":62,"column":null}},"24":{"start":{"line":63,"column":21},"end":{"line":75,"column":null}},"25":{"start":{"line":76,"column":2},"end":{"line":76,"column":null}},"26":{"start":{"line":77,"column":2},"end":{"line":77,"column":null}},"27":{"start":{"line":78,"column":2},"end":{"line":78,"column":null}},"28":{"start":{"line":82,"column":15},"end":{"line":82,"column":null}},"29":{"start":{"line":84,"column":2},"end":{"line":89,"column":null}},"30":{"start":{"line":85,"column":21},"end":{"line":87,"column":null}},"31":{"start":{"line":86,"column":13},"end":{"line":86,"column":null}},"32":{"start":{"line":88,"column":4},"end":{"line":88,"column":null}},"33":{"start":{"line":88,"column":18},"end":{"line":88,"column":null}},"34":{"start":{"line":90,"column":14},"end":{"line":90,"column":null}},"35":{"start":{"line":90,"column":36},"end":{"line":90,"column":55}},"36":{"start":{"line":91,"column":2},"end":{"line":91,"column":null}},"37":{"start":{"line":91,"column":18},"end":{"line":91,"column":null}},"38":{"start":{"line":92,"column":17},"end":{"line":92,"column":null}},"39":{"start":{"line":93,"column":2},"end":{"line":93,"column":null}},"40":{"start":{"line":94,"column":2},"end":{"line":94,"column":null}},"41":{"start":{"line":95,"column":2},"end":{"line":95,"column":null}},"42":{"start":{"line":96,"column":2},"end":{"line":96,"column":null}},"43":{"start":{"line":100,"column":15},"end":{"line":100,"column":null}},"44":{"start":{"line":101,"column":18},"end":{"line":103,"column":null}},"45":{"start":{"line":102,"column":11},"end":{"line":102,"column":null}},"46":{"start":{"line":104,"column":2},"end":{"line":104,"column":null}},"47":{"start":{"line":104,"column":38},"end":{"line":104,"column":null}},"48":{"start":{"line":105,"column":2},"end":{"line":105,"column":null}},"49":{"start":{"line":106,"column":2},"end":{"line":106,"column":null}}},"fnMap":{"0":{"name":"initUsers","decl":{"start":{"line":19,"column":9},"end":{"line":19,"column":19}},"loc":{"start":{"line":19,"column":52},"end":{"line":23,"column":null}},"line":19},"1":{"name":"getUsers","decl":{"start":{"line":25,"column":16},"end":{"line":25,"column":35}},"loc":{"start":{"line":25,"column":35},"end":{"line":34,"column":null}},"line":25},"2":{"name":"saveUsers","decl":{"start":{"line":36,"column":9},"end":{"line":36,"column":19}},"loc":{"start":{"line":36,"column":33},"end":{"line":41,"column":null}},"line":36},"3":{"name":"(anonymous_3)","decl":{"start":{"line":39,"column":28},"end":{"line":39,"column":29}},"loc":{"start":{"line":39,"column":36},"end":{"line":39,"column":45}},"line":39},"4":{"name":"normalizeUser","decl":{"start":{"line":43,"column":9},"end":{"line":43,"column":23}},"loc":{"start":{"line":43,"column":38},"end":{"line":46,"column":null}},"line":43},"5":{"name":"getUserByCorreo","decl":{"start":{"line":48,"column":16},"end":{"line":48,"column":32}},"loc":{"start":{"line":48,"column":67},"end":{"line":51,"column":null}},"line":48},"6":{"name":"(anonymous_6)","decl":{"start":{"line":50,"column":25},"end":{"line":50,"column":26}},"loc":{"start":{"line":50,"column":32},"end":{"line":50,"column":51}},"line":50},"7":{"name":"createUser","decl":{"start":{"line":53,"column":16},"end":{"line":53,"column":27}},"loc":{"start":{"line":53,"column":54},"end":{"line":79,"column":null}},"line":53},"8":{"name":"(anonymous_8)","decl":{"start":{"line":57,"column":29},"end":{"line":57,"column":30}},"loc":{"start":{"line":57,"column":36},"end":{"line":57,"column":60}},"line":57},"9":{"name":"updateUser","decl":{"start":{"line":81,"column":16},"end":{"line":81,"column":27}},"loc":{"start":{"line":81,"column":77},"end":{"line":97,"column":null}},"line":81},"10":{"name":"(anonymous_10)","decl":{"start":{"line":86,"column":6},"end":{"line":86,"column":7}},"loc":{"start":{"line":86,"column":13},"end":{"line":86,"column":null}},"line":86},"11":{"name":"(anonymous_11)","decl":{"start":{"line":90,"column":29},"end":{"line":90,"column":30}},"loc":{"start":{"line":90,"column":36},"end":{"line":90,"column":55}},"line":90},"12":{"name":"deleteUser","decl":{"start":{"line":99,"column":16},"end":{"line":99,"column":27}},"loc":{"start":{"line":99,"column":56},"end":{"line":107,"column":null}},"line":99},"13":{"name":"(anonymous_13)","decl":{"start":{"line":102,"column":4},"end":{"line":102,"column":5}},"loc":{"start":{"line":102,"column":11},"end":{"line":102,"column":null}},"line":102}},"branchMap":{"0":{"loc":{"start":{"line":19,"column":19},"end":{"line":19,"column":52}},"type":"default-arg","locations":[{"start":{"line":19,"column":48},"end":{"line":19,"column":52}}],"line":19},"1":{"loc":{"start":{"line":20,"column":2},"end":{"line":22,"column":null}},"type":"if","locations":[{"start":{"line":20,"column":2},"end":{"line":22,"column":null}},{"start":{},"end":{}}],"line":20},"2":{"loc":{"start":{"line":28,"column":16},"end":{"line":28,"column":null}},"type":"binary-expr","locations":[{"start":{"line":28,"column":16},"end":{"line":28,"column":53}},{"start":{"line":28,"column":53},"end":{"line":28,"column":null}}],"line":28},"3":{"loc":{"start":{"line":44,"column":17},"end":{"line":44,"column":null}},"type":"binary-expr","locations":[{"start":{"line":44,"column":17},"end":{"line":44,"column":29}},{"start":{"line":44,"column":29},"end":{"line":44,"column":42}},{"start":{"line":44,"column":42},"end":{"line":44,"column":null}}],"line":44},"4":{"loc":{"start":{"line":49,"column":2},"end":{"line":49,"column":null}},"type":"if","locations":[{"start":{"line":49,"column":2},"end":{"line":49,"column":null}},{"start":{},"end":{}}],"line":49},"5":{"loc":{"start":{"line":56,"column":2},"end":{"line":61,"column":null}},"type":"if","locations":[{"start":{"line":56,"column":2},"end":{"line":61,"column":null}},{"start":{},"end":{}}],"line":56},"6":{"loc":{"start":{"line":58,"column":4},"end":{"line":60,"column":null}},"type":"if","locations":[{"start":{"line":58,"column":4},"end":{"line":60,"column":null}},{"start":{},"end":{}}],"line":58},"7":{"loc":{"start":{"line":65,"column":12},"end":{"line":65,"column":null}},"type":"binary-expr","locations":[{"start":{"line":65,"column":12},"end":{"line":65,"column":27}},{"start":{"line":65,"column":27},"end":{"line":65,"column":43}},{"start":{"line":65,"column":43},"end":{"line":65,"column":null}}],"line":65},"8":{"loc":{"start":{"line":67,"column":15},"end":{"line":67,"column":null}},"type":"binary-expr","locations":[{"start":{"line":67,"column":15},"end":{"line":67,"column":33}},{"start":{"line":67,"column":33},"end":{"line":67,"column":null}}],"line":67},"9":{"loc":{"start":{"line":68,"column":12},"end":{"line":68,"column":null}},"type":"binary-expr","locations":[{"start":{"line":68,"column":12},"end":{"line":68,"column":27}},{"start":{"line":68,"column":27},"end":{"line":68,"column":null}}],"line":68},"10":{"loc":{"start":{"line":74,"column":9},"end":{"line":74,"column":null}},"type":"binary-expr","locations":[{"start":{"line":74,"column":9},"end":{"line":74,"column":21}},{"start":{"line":74,"column":21},"end":{"line":74,"column":null}}],"line":74},"11":{"loc":{"start":{"line":84,"column":2},"end":{"line":89,"column":null}},"type":"if","locations":[{"start":{"line":84,"column":2},"end":{"line":89,"column":null}},{"start":{},"end":{}}],"line":84},"12":{"loc":{"start":{"line":86,"column":13},"end":{"line":86,"column":null}},"type":"binary-expr","locations":[{"start":{"line":86,"column":13},"end":{"line":86,"column":44}},{"start":{"line":86,"column":44},"end":{"line":86,"column":null}}],"line":86},"13":{"loc":{"start":{"line":88,"column":4},"end":{"line":88,"column":null}},"type":"if","locations":[{"start":{"line":88,"column":4},"end":{"line":88,"column":null}},{"start":{},"end":{}}],"line":88},"14":{"loc":{"start":{"line":91,"column":2},"end":{"line":91,"column":null}},"type":"if","locations":[{"start":{"line":91,"column":2},"end":{"line":91,"column":null}},{"start":{},"end":{}}],"line":91},"15":{"loc":{"start":{"line":93,"column":18},"end":{"line":93,"column":null}},"type":"binary-expr","locations":[{"start":{"line":93,"column":18},"end":{"line":93,"column":35}},{"start":{"line":93,"column":35},"end":{"line":93,"column":53}},{"start":{"line":93,"column":53},"end":{"line":93,"column":null}}],"line":93},"16":{"loc":{"start":{"line":102,"column":11},"end":{"line":102,"column":null}},"type":"binary-expr","locations":[{"start":{"line":102,"column":11},"end":{"line":102,"column":34}},{"start":{"line":102,"column":34},"end":{"line":102,"column":null}}],"line":102},"17":{"loc":{"start":{"line":104,"column":2},"end":{"line":104,"column":null}},"type":"if","locations":[{"start":{"line":104,"column":2},"end":{"line":104,"column":null}},{"start":{},"end":{}}],"line":104}},"s":{"0":1,"1":9,"2":4,"3":9,"4":9,"5":9,"6":9,"7":9,"8":0,"9":5,"10":4,"11":4,"12":4,"13":0,"14":0,"15":0,"16":0,"17":3,"18":3,"19":3,"20":0,"21":3,"22":0,"23":3,"24":3,"25":3,"26":3,"27":3,"28":1,"29":1,"30":0,"31":0,"32":0,"33":0,"34":1,"35":1,"36":1,"37":0,"38":1,"39":1,"40":1,"41":1,"42":1,"43":1,"44":1,"45":1,"46":1,"47":0,"48":1,"49":1},"f":{"0":9,"1":9,"2":5,"3":4,"4":4,"5":0,"6":0,"7":3,"8":0,"9":1,"10":0,"11":1,"12":1,"13":1},"b":{"0":[9],"1":[4,5],"2":[9,0],"3":[4,0,0],"4":[0,0],"5":[3,0],"6":[0,3],"7":[3,0,0],"8":[3,1],"9":[3,0],"10":[3,2],"11":[0,1],"12":[0,0],"13":[0,0],"14":[0,1],"15":[1,0,0],"16":[1,0],"17":[0,1]},"meta":{"lastBranch":18,"lastFunction":14,"lastStatement":50,"seen":{"s:17:20:17:Infinity":0,"f:19:9:19:19":0,"b:19:48:19:52":0,"b:20:2:22:Infinity:undefined:undefined:undefined:undefined":1,"s:20:2:22:Infinity":1,"s:21:4:21:Infinity":2,"f:25:16:25:35":1,"s:26:2:26:Infinity":3,"s:27:2:33:Infinity":4,"s:28:16:28:Infinity":5,"b:28:16:28:53:28:53:28:Infinity":2,"s:29:16:29:Infinity":6,"s:30:4:30:Infinity":7,"s:32:4:32:Infinity":8,"f:36:9:36:19":2,"s:37:2:40:Infinity":9,"f:39:28:39:29":3,"s:39:36:39:45":10,"f:43:9:43:23":4,"s:44:17:44:Infinity":11,"b:44:17:44:29:44:29:44:42:44:42:44:Infinity":3,"s:45:2:45:Infinity":12,"f:48:16:48:32":5,"b:49:2:49:Infinity:undefined:undefined:undefined:undefined":4,"s:49:2:49:Infinity":13,"s:49:15:49:Infinity":14,"s:50:2:50:Infinity":15,"f:50:25:50:26":6,"s:50:32:50:51":16,"f:53:16:53:27":7,"s:54:15:54:Infinity":17,"b:56:2:61:Infinity:undefined:undefined:undefined:undefined":5,"s:56:2:61:Infinity":18,"s:57:19:57:Infinity":19,"f:57:29:57:30":8,"s:57:36:57:60":20,"b:58:4:60:Infinity:undefined:undefined:undefined:undefined":6,"s:58:4:60:Infinity":21,"s:59:6:59:Infinity":22,"s:62:13:62:Infinity":23,"s:63:21:75:Infinity":24,"b:65:12:65:27:65:27:65:43:65:43:65:Infinity":7,"b:67:15:67:33:67:33:67:Infinity":8,"b:68:12:68:27:68:27:68:Infinity":9,"b:74:9:74:21:74:21:74:Infinity":10,"s:76:2:76:Infinity":25,"s:77:2:77:Infinity":26,"s:78:2:78:Infinity":27,"f:81:16:81:27":9,"s:82:15:82:Infinity":28,"b:84:2:89:Infinity:undefined:undefined:undefined:undefined":11,"s:84:2:89:Infinity":29,"s:85:21:87:Infinity":30,"f:86:6:86:7":10,"s:86:13:86:Infinity":31,"b:86:13:86:44:86:44:86:Infinity":12,"b:88:4:88:Infinity:undefined:undefined:undefined:undefined":13,"s:88:4:88:Infinity":32,"s:88:18:88:Infinity":33,"s:90:14:90:Infinity":34,"f:90:29:90:30":11,"s:90:36:90:55":35,"b:91:2:91:Infinity:undefined:undefined:undefined:undefined":14,"s:91:2:91:Infinity":36,"s:91:18:91:Infinity":37,"s:92:17:92:Infinity":38,"s:93:2:93:Infinity":39,"b:93:18:93:35:93:35:93:53:93:53:93:Infinity":15,"s:94:2:94:Infinity":40,"s:95:2:95:Infinity":41,"s:96:2:96:Infinity":42,"f:99:16:99:27":12,"s:100:15:100:Infinity":43,"s:101:18:103:Infinity":44,"f:102:4:102:5":13,"s:102:11:102:Infinity":45,"b:102:11:102:34:102:34:102:Infinity":16,"b:104:2:104:Infinity:undefined:undefined:undefined:undefined":17,"s:104:2:104:Infinity":46,"s:104:38:104:Infinity":47,"s:105:2:105:Infinity":48,"s:106:2:106:Infinity":49}}}
}
