{"D:\\Duoc\\Fullstack 2\\lvlup-FullStack2 P2\\src\\context\\CartContext.tsx": {"path":"D:\\Duoc\\Fullstack 2\\lvlup-FullStack2 P2\\src\\context\\CartContext.tsx","statementMap":{"0":{"start":{"line":27,"column":6},"end":{"line":27,"column":null}},"1":{"start":{"line":29,"column":23},"end":{"line":35,"column":null}},"2":{"start":{"line":30,"column":8},"end":{"line":30,"column":null}},"3":{"start":{"line":31,"column":2},"end":{"line":33,"column":null}},"4":{"start":{"line":32,"column":4},"end":{"line":32,"column":null}},"5":{"start":{"line":34,"column":2},"end":{"line":34,"column":null}},"6":{"start":{"line":41,"column":28},"end":{"line":172,"column":null}},"7":{"start":{"line":42,"column":28},"end":{"line":42,"column":null}},"8":{"start":{"line":45,"column":2},"end":{"line":47,"column":null}},"9":{"start":{"line":46,"column":4},"end":{"line":46,"column":null}},"10":{"start":{"line":50,"column":2},"end":{"line":53,"column":null}},"11":{"start":{"line":51,"column":4},"end":{"line":51,"column":null}},"12":{"start":{"line":52,"column":4},"end":{"line":52,"column":null}},"13":{"start":{"line":55,"column":22},"end":{"line":75,"column":null}},"14":{"start":{"line":56,"column":16},"end":{"line":56,"column":null}},"15":{"start":{"line":57,"column":4},"end":{"line":74,"column":null}},"16":{"start":{"line":58,"column":21},"end":{"line":58,"column":null}},"17":{"start":{"line":59,"column":6},"end":{"line":71,"column":null}},"18":{"start":{"line":65,"column":8},"end":{"line":65,"column":null}},"19":{"start":{"line":65,"column":47},"end":{"line":65,"column":67}},"20":{"start":{"line":66,"column":6},"end":{"line":71,"column":null}},"21":{"start":{"line":68,"column":8},"end":{"line":68,"column":null}},"22":{"start":{"line":70,"column":8},"end":{"line":70,"column":null}},"23":{"start":{"line":73,"column":6},"end":{"line":73,"column":null}},"24":{"start":{"line":77,"column":22},"end":{"line":79,"column":null}},"25":{"start":{"line":78,"column":4},"end":{"line":78,"column":null}},"26":{"start":{"line":81,"column":31},"end":{"line":87,"column":null}},"27":{"start":{"line":82,"column":29},"end":{"line":82,"column":null}},"28":{"start":{"line":83,"column":4},"end":{"line":86,"column":null}},"29":{"start":{"line":84,"column":20},"end":{"line":84,"column":null}},"30":{"start":{"line":84,"column":50},"end":{"line":84,"column":71}},"31":{"start":{"line":85,"column":6},"end":{"line":85,"column":null}},"32":{"start":{"line":89,"column":20},"end":{"line":115,"column":null}},"33":{"start":{"line":90,"column":10},"end":{"line":90,"column":null}},"34":{"start":{"line":91,"column":4},"end":{"line":94,"column":null}},"35":{"start":{"line":92,"column":6},"end":{"line":92,"column":null}},"36":{"start":{"line":93,"column":6},"end":{"line":93,"column":null}},"37":{"start":{"line":96,"column":4},"end":{"line":114,"column":null}},"38":{"start":{"line":97,"column":23},"end":{"line":97,"column":null}},"39":{"start":{"line":97,"column":43},"end":{"line":97,"column":64}},"40":{"start":{"line":98,"column":6},"end":{"line":113,"column":null}},"41":{"start":{"line":100,"column":8},"end":{"line":103,"column":null}},"42":{"start":{"line":101,"column":10},"end":{"line":101,"column":null}},"43":{"start":{"line":102,"column":10},"end":{"line":102,"column":null}},"44":{"start":{"line":105,"column":8},"end":{"line":109,"column":null}},"45":{"start":{"line":106,"column":10},"end":{"line":108,"column":null}},"46":{"start":{"line":112,"column":8},"end":{"line":112,"column":null}},"47":{"start":{"line":117,"column":25},"end":{"line":119,"column":null}},"48":{"start":{"line":118,"column":4},"end":{"line":118,"column":null}},"49":{"start":{"line":118,"column":25},"end":{"line":118,"column":69}},"50":{"start":{"line":118,"column":47},"end":{"line":118,"column":68}},"51":{"start":{"line":121,"column":25},"end":{"line":138,"column":null}},"52":{"start":{"line":122,"column":10},"end":{"line":122,"column":null}},"53":{"start":{"line":123,"column":4},"end":{"line":123,"column":null}},"54":{"start":{"line":123,"column":19},"end":{"line":123,"column":null}},"55":{"start":{"line":125,"column":4},"end":{"line":128,"column":null}},"56":{"start":{"line":126,"column":6},"end":{"line":126,"column":null}},"57":{"start":{"line":127,"column":6},"end":{"line":127,"column":null}},"58":{"start":{"line":130,"column":4},"end":{"line":133,"column":null}},"59":{"start":{"line":131,"column":6},"end":{"line":131,"column":null}},"60":{"start":{"line":132,"column":6},"end":{"line":132,"column":null}},"61":{"start":{"line":135,"column":4},"end":{"line":137,"column":null}},"62":{"start":{"line":136,"column":6},"end":{"line":136,"column":null}},"63":{"start":{"line":136,"column":26},"end":{"line":136,"column":79}},"64":{"start":{"line":140,"column":20},"end":{"line":143,"column":null}},"65":{"start":{"line":141,"column":4},"end":{"line":141,"column":null}},"66":{"start":{"line":142,"column":4},"end":{"line":142,"column":null}},"67":{"start":{"line":145,"column":23},"end":{"line":150,"column":null}},"68":{"start":{"line":146,"column":4},"end":{"line":149,"column":null}},"69":{"start":{"line":147,"column":12},"end":{"line":147,"column":null}},"70":{"start":{"line":148,"column":6},"end":{"line":148,"column":null}},"71":{"start":{"line":152,"column":23},"end":{"line":154,"column":null}},"72":{"start":{"line":153,"column":4},"end":{"line":153,"column":null}},"73":{"start":{"line":153,"column":43},"end":{"line":153,"column":66}},"74":{"start":{"line":156,"column":27},"end":{"line":158,"column":null}},"75":{"start":{"line":157,"column":4},"end":{"line":157,"column":null}},"76":{"start":{"line":157,"column":34},"end":{"line":157,"column":55}},"77":{"start":{"line":160,"column":33},"end":{"line":169,"column":null}},"78":{"start":{"line":171,"column":2},"end":{"line":171,"column":null}}},"fnMap":{"0":{"name":"(anonymous_0)","decl":{"start":{"line":29,"column":23},"end":{"line":29,"column":29}},"loc":{"start":{"line":29,"column":29},"end":{"line":35,"column":null}},"line":29},"1":{"name":"(anonymous_1)","decl":{"start":{"line":41,"column":28},"end":{"line":41,"column":29}},"loc":{"start":{"line":41,"column":65},"end":{"line":172,"column":null}},"line":41},"2":{"name":"(anonymous_2)","decl":{"start":{"line":45,"column":12},"end":{"line":45,"column":18}},"loc":{"start":{"line":45,"column":18},"end":{"line":47,"column":5}},"line":45},"3":{"name":"(anonymous_3)","decl":{"start":{"line":50,"column":12},"end":{"line":50,"column":18}},"loc":{"start":{"line":50,"column":18},"end":{"line":53,"column":5}},"line":50},"4":{"name":"(anonymous_4)","decl":{"start":{"line":55,"column":22},"end":{"line":55,"column":28}},"loc":{"start":{"line":55,"column":28},"end":{"line":75,"column":null}},"line":55},"5":{"name":"(anonymous_5)","decl":{"start":{"line":65,"column":30},"end":{"line":65,"column":31}},"loc":{"start":{"line":65,"column":47},"end":{"line":65,"column":67}},"line":65},"6":{"name":"(anonymous_6)","decl":{"start":{"line":77,"column":22},"end":{"line":77,"column":28}},"loc":{"start":{"line":77,"column":28},"end":{"line":79,"column":null}},"line":77},"7":{"name":"(anonymous_7)","decl":{"start":{"line":81,"column":31},"end":{"line":81,"column":37}},"loc":{"start":{"line":81,"column":37},"end":{"line":87,"column":null}},"line":81},"8":{"name":"(anonymous_8)","decl":{"start":{"line":84,"column":35},"end":{"line":84,"column":36}},"loc":{"start":{"line":84,"column":50},"end":{"line":84,"column":71}},"line":84},"9":{"name":"(anonymous_9)","decl":{"start":{"line":89,"column":20},"end":{"line":89,"column":21}},"loc":{"start":{"line":89,"column":43},"end":{"line":115,"column":null}},"line":89},"10":{"name":"(anonymous_10)","decl":{"start":{"line":96,"column":15},"end":{"line":96,"column":16}},"loc":{"start":{"line":96,"column":25},"end":{"line":114,"column":5}},"line":96},"11":{"name":"(anonymous_11)","decl":{"start":{"line":97,"column":33},"end":{"line":97,"column":34}},"loc":{"start":{"line":97,"column":43},"end":{"line":97,"column":64}},"line":97},"12":{"name":"(anonymous_12)","decl":{"start":{"line":105,"column":24},"end":{"line":105,"column":25}},"loc":{"start":{"line":106,"column":10},"end":{"line":108,"column":null}},"line":106},"13":{"name":"(anonymous_13)","decl":{"start":{"line":117,"column":25},"end":{"line":117,"column":26}},"loc":{"start":{"line":117,"column":48},"end":{"line":119,"column":null}},"line":117},"14":{"name":"(anonymous_14)","decl":{"start":{"line":118,"column":15},"end":{"line":118,"column":16}},"loc":{"start":{"line":118,"column":25},"end":{"line":118,"column":69}},"line":118},"15":{"name":"(anonymous_15)","decl":{"start":{"line":118,"column":37},"end":{"line":118,"column":38}},"loc":{"start":{"line":118,"column":47},"end":{"line":118,"column":68}},"line":118},"16":{"name":"(anonymous_16)","decl":{"start":{"line":121,"column":25},"end":{"line":121,"column":26}},"loc":{"start":{"line":121,"column":66},"end":{"line":138,"column":null}},"line":121},"17":{"name":"(anonymous_17)","decl":{"start":{"line":135,"column":15},"end":{"line":135,"column":16}},"loc":{"start":{"line":136,"column":6},"end":{"line":136,"column":null}},"line":136},"18":{"name":"(anonymous_18)","decl":{"start":{"line":136,"column":15},"end":{"line":136,"column":16}},"loc":{"start":{"line":136,"column":26},"end":{"line":136,"column":79}},"line":136},"19":{"name":"(anonymous_19)","decl":{"start":{"line":140,"column":20},"end":{"line":140,"column":26}},"loc":{"start":{"line":140,"column":26},"end":{"line":143,"column":null}},"line":140},"20":{"name":"(anonymous_20)","decl":{"start":{"line":145,"column":23},"end":{"line":145,"column":37}},"loc":{"start":{"line":145,"column":37},"end":{"line":150,"column":null}},"line":145},"21":{"name":"(anonymous_21)","decl":{"start":{"line":146,"column":26},"end":{"line":146,"column":27}},"loc":{"start":{"line":146,"column":43},"end":{"line":149,"column":7}},"line":146},"22":{"name":"(anonymous_22)","decl":{"start":{"line":152,"column":23},"end":{"line":152,"column":37}},"loc":{"start":{"line":152,"column":37},"end":{"line":154,"column":null}},"line":152},"23":{"name":"(anonymous_23)","decl":{"start":{"line":153,"column":26},"end":{"line":153,"column":27}},"loc":{"start":{"line":153,"column":43},"end":{"line":153,"column":66}},"line":153},"24":{"name":"(anonymous_24)","decl":{"start":{"line":156,"column":27},"end":{"line":156,"column":28}},"loc":{"start":{"line":156,"column":72},"end":{"line":158,"column":null}},"line":156},"25":{"name":"(anonymous_25)","decl":{"start":{"line":157,"column":24},"end":{"line":157,"column":25}},"loc":{"start":{"line":157,"column":34},"end":{"line":157,"column":55}},"line":157}},"branchMap":{"0":{"loc":{"start":{"line":31,"column":2},"end":{"line":33,"column":null}},"type":"if","locations":[{"start":{"line":31,"column":2},"end":{"line":33,"column":null}},{"start":{},"end":{}}],"line":31},"1":{"loc":{"start":{"line":58,"column":21},"end":{"line":58,"column":null}},"type":"cond-expr","locations":[{"start":{"line":58,"column":27},"end":{"line":58,"column":45}},{"start":{"line":58,"column":45},"end":{"line":58,"column":null}}],"line":58},"2":{"loc":{"start":{"line":59,"column":6},"end":{"line":71,"column":null}},"type":"if","locations":[{"start":{"line":59,"column":6},"end":{"line":71,"column":null}},{"start":{"line":66,"column":6},"end":{"line":71,"column":null}}],"line":59},"3":{"loc":{"start":{"line":60,"column":8},"end":{"line":62,"column":null}},"type":"binary-expr","locations":[{"start":{"line":60,"column":8},"end":{"line":60,"column":null}},{"start":{"line":61,"column":8},"end":{"line":61,"column":null}},{"start":{"line":62,"column":8},"end":{"line":62,"column":null}}],"line":60},"4":{"loc":{"start":{"line":66,"column":6},"end":{"line":71,"column":null}},"type":"if","locations":[{"start":{"line":66,"column":6},"end":{"line":71,"column":null}},{"start":{"line":69,"column":13},"end":{"line":71,"column":null}}],"line":66},"5":{"loc":{"start":{"line":83,"column":4},"end":{"line":86,"column":null}},"type":"if","locations":[{"start":{"line":83,"column":4},"end":{"line":86,"column":null}},{"start":{},"end":{}}],"line":83},"6":{"loc":{"start":{"line":91,"column":4},"end":{"line":94,"column":null}},"type":"if","locations":[{"start":{"line":91,"column":4},"end":{"line":94,"column":null}},{"start":{},"end":{}}],"line":91},"7":{"loc":{"start":{"line":98,"column":6},"end":{"line":113,"column":null}},"type":"if","locations":[{"start":{"line":98,"column":6},"end":{"line":113,"column":null}},{"start":{"line":110,"column":13},"end":{"line":113,"column":null}}],"line":98},"8":{"loc":{"start":{"line":100,"column":8},"end":{"line":103,"column":null}},"type":"if","locations":[{"start":{"line":100,"column":8},"end":{"line":103,"column":null}},{"start":{},"end":{}}],"line":100},"9":{"loc":{"start":{"line":106,"column":10},"end":{"line":108,"column":null}},"type":"cond-expr","locations":[{"start":{"line":107,"column":14},"end":{"line":107,"column":null}},{"start":{"line":108,"column":14},"end":{"line":108,"column":null}}],"line":106},"10":{"loc":{"start":{"line":123,"column":4},"end":{"line":123,"column":null}},"type":"if","locations":[{"start":{"line":123,"column":4},"end":{"line":123,"column":null}},{"start":{},"end":{}}],"line":123},"11":{"loc":{"start":{"line":125,"column":4},"end":{"line":128,"column":null}},"type":"if","locations":[{"start":{"line":125,"column":4},"end":{"line":128,"column":null}},{"start":{},"end":{}}],"line":125},"12":{"loc":{"start":{"line":130,"column":4},"end":{"line":133,"column":null}},"type":"if","locations":[{"start":{"line":130,"column":4},"end":{"line":133,"column":null}},{"start":{},"end":{}}],"line":130},"13":{"loc":{"start":{"line":136,"column":26},"end":{"line":136,"column":79}},"type":"cond-expr","locations":[{"start":{"line":136,"column":50},"end":{"line":136,"column":74}},{"start":{"line":136,"column":74},"end":{"line":136,"column":79}}],"line":136},"14":{"loc":{"start":{"line":148,"column":22},"end":{"line":148,"column":null}},"type":"cond-expr","locations":[{"start":{"line":148,"column":33},"end":{"line":148,"column":67}},{"start":{"line":148,"column":67},"end":{"line":148,"column":null}}],"line":148}},"s":{"0":1,"1":1,"2":14,"3":14,"4":0,"5":14,"6":1,"7":14,"8":14,"9":4,"10":14,"11":14,"12":14,"13":14,"14":4,"15":4,"16":4,"17":4,"18":0,"19":0,"20":4,"21":4,"22":0,"23":0,"24":14,"25":14,"26":14,"27":14,"28":14,"29":14,"30":9,"31":14,"32":14,"33":9,"34":9,"35":0,"36":0,"37":9,"38":9,"39":6,"40":9,"41":1,"42":0,"43":0,"44":1,"45":1,"46":8,"47":14,"48":1,"49":1,"50":2,"51":14,"52":0,"53":0,"54":0,"55":0,"56":0,"57":0,"58":0,"59":0,"60":0,"61":0,"62":0,"63":0,"64":14,"65":1,"66":1,"67":14,"68":2,"69":2,"70":2,"71":14,"72":1,"73":0,"74":14,"75":0,"76":0,"77":14,"78":14},"f":{"0":14,"1":14,"2":4,"3":14,"4":4,"5":0,"6":14,"7":14,"8":9,"9":9,"10":9,"11":6,"12":1,"13":1,"14":1,"15":2,"16":0,"17":0,"18":0,"19":1,"20":2,"21":2,"22":1,"23":0,"24":0,"25":0},"b":{"0":[0,14],"1":[0,4],"2":[0,4],"3":[4,4,0],"4":[4,0],"5":[14,0],"6":[0,9],"7":[1,8],"8":[0,1],"9":[1,0],"10":[0,0],"11":[0,0],"12":[0,0],"13":[0,0],"14":[2,0]},"meta":{"lastBranch":15,"lastFunction":26,"lastStatement":79,"seen":{"s:27:6:27:Infinity":0,"s:29:23:35:Infinity":1,"f:29:23:29:29":0,"s:30:8:30:Infinity":2,"b:31:2:33:Infinity:undefined:undefined:undefined:undefined":0,"s:31:2:33:Infinity":3,"s:32:4:32:Infinity":4,"s:34:2:34:Infinity":5,"s:41:28:172:Infinity":6,"f:41:28:41:29":1,"s:42:28:42:Infinity":7,"s:45:2:47:Infinity":8,"f:45:12:45:18":2,"s:46:4:46:Infinity":9,"s:50:2:53:Infinity":10,"f:50:12:50:18":3,"s:51:4:51:Infinity":11,"s:52:4:52:Infinity":12,"s:55:22:75:Infinity":13,"f:55:22:55:28":4,"s:56:16:56:Infinity":14,"s:57:4:74:Infinity":15,"s:58:21:58:Infinity":16,"b:58:27:58:45:58:45:58:Infinity":1,"b:59:6:71:Infinity:66:6:71:Infinity":2,"s:59:6:71:Infinity":17,"b:60:8:60:Infinity:61:8:61:Infinity:62:8:62:Infinity":3,"s:65:8:65:Infinity":18,"f:65:30:65:31":5,"s:65:47:65:67":19,"b:66:6:71:Infinity:69:13:71:Infinity":4,"s:66:6:71:Infinity":20,"s:68:8:68:Infinity":21,"s:70:8:70:Infinity":22,"s:73:6:73:Infinity":23,"s:77:22:79:Infinity":24,"f:77:22:77:28":6,"s:78:4:78:Infinity":25,"s:81:31:87:Infinity":26,"f:81:31:81:37":7,"s:82:29:82:Infinity":27,"b:83:4:86:Infinity:undefined:undefined:undefined:undefined":5,"s:83:4:86:Infinity":28,"s:84:20:84:Infinity":29,"f:84:35:84:36":8,"s:84:50:84:71":30,"s:85:6:85:Infinity":31,"s:89:20:115:Infinity":32,"f:89:20:89:21":9,"s:90:10:90:Infinity":33,"b:91:4:94:Infinity:undefined:undefined:undefined:undefined":6,"s:91:4:94:Infinity":34,"s:92:6:92:Infinity":35,"s:93:6:93:Infinity":36,"s:96:4:114:Infinity":37,"f:96:15:96:16":10,"s:97:23:97:Infinity":38,"f:97:33:97:34":11,"s:97:43:97:64":39,"b:98:6:113:Infinity:110:13:113:Infinity":7,"s:98:6:113:Infinity":40,"b:100:8:103:Infinity:undefined:undefined:undefined:undefined":8,"s:100:8:103:Infinity":41,"s:101:10:101:Infinity":42,"s:102:10:102:Infinity":43,"s:105:8:109:Infinity":44,"f:105:24:105:25":12,"s:106:10:108:Infinity":45,"b:107:14:107:Infinity:108:14:108:Infinity":9,"s:112:8:112:Infinity":46,"s:117:25:119:Infinity":47,"f:117:25:117:26":13,"s:118:4:118:Infinity":48,"f:118:15:118:16":14,"s:118:25:118:69":49,"f:118:37:118:38":15,"s:118:47:118:68":50,"s:121:25:138:Infinity":51,"f:121:25:121:26":16,"s:122:10:122:Infinity":52,"b:123:4:123:Infinity:undefined:undefined:undefined:undefined":10,"s:123:4:123:Infinity":53,"s:123:19:123:Infinity":54,"b:125:4:128:Infinity:undefined:undefined:undefined:undefined":11,"s:125:4:128:Infinity":55,"s:126:6:126:Infinity":56,"s:127:6:127:Infinity":57,"b:130:4:133:Infinity:undefined:undefined:undefined:undefined":12,"s:130:4:133:Infinity":58,"s:131:6:131:Infinity":59,"s:132:6:132:Infinity":60,"s:135:4:137:Infinity":61,"f:135:15:135:16":17,"s:136:6:136:Infinity":62,"f:136:15:136:16":18,"s:136:26:136:79":63,"b:136:50:136:74:136:74:136:79":13,"s:140:20:143:Infinity":64,"f:140:20:140:26":19,"s:141:4:141:Infinity":65,"s:142:4:142:Infinity":66,"s:145:23:150:Infinity":67,"f:145:23:145:37":20,"s:146:4:149:Infinity":68,"f:146:26:146:27":21,"s:147:12:147:Infinity":69,"s:148:6:148:Infinity":70,"b:148:33:148:67:148:67:148:Infinity":14,"s:152:23:154:Infinity":71,"f:152:23:152:37":22,"s:153:4:153:Infinity":72,"f:153:26:153:27":23,"s:153:43:153:66":73,"s:156:27:158:Infinity":74,"f:156:27:156:28":24,"s:157:4:157:Infinity":75,"f:157:24:157:25":25,"s:157:34:157:55":76,"s:160:33:169:Infinity":77,"s:171:2:171:Infinity":78}}}
,"D:\\Duoc\\Fullstack 2\\lvlup-FullStack2 P2\\src\\data\\products.ts": {"path":"D:\\Duoc\\Fullstack 2\\lvlup-FullStack2 P2\\src\\data\\products.ts","statementMap":{"0":{"start":{"line":13,"column":35},"end":{"line":772,"column":null}},"1":{"start":{"line":775,"column":30},"end":{"line":777,"column":null}},"2":{"start":{"line":776,"column":2},"end":{"line":776,"column":null}},"3":{"start":{"line":779,"column":30},"end":{"line":781,"column":null}},"4":{"start":{"line":780,"column":2},"end":{"line":780,"column":null}},"5":{"start":{"line":780,"column":28},"end":{"line":780,"column":39}},"6":{"start":{"line":783,"column":37},"end":{"line":785,"column":null}},"7":{"start":{"line":784,"column":2},"end":{"line":784,"column":null}},"8":{"start":{"line":784,"column":30},"end":{"line":784,"column":55}},"9":{"start":{"line":787,"column":30},"end":{"line":794,"column":null}},"10":{"start":{"line":788,"column":21},"end":{"line":788,"column":null}},"11":{"start":{"line":789,"column":2},"end":{"line":793,"column":null}},"12":{"start":{"line":790,"column":4},"end":{"line":792,"column":null}},"13":{"start":{"line":796,"column":29},"end":{"line":798,"column":null}},"14":{"start":{"line":797,"column":2},"end":{"line":797,"column":null}},"15":{"start":{"line":797,"column":46},"end":{"line":797,"column":57}},"16":{"start":{"line":801,"column":29},"end":{"line":808,"column":null}},"17":{"start":{"line":802,"column":17},"end":{"line":802,"column":null}},"18":{"start":{"line":803,"column":22},"end":{"line":803,"column":null}},"19":{"start":{"line":804,"column":16},"end":{"line":804,"column":null}},"20":{"start":{"line":805,"column":21},"end":{"line":805,"column":null}},"21":{"start":{"line":806,"column":2},"end":{"line":806,"column":null}},"22":{"start":{"line":807,"column":2},"end":{"line":807,"column":null}},"23":{"start":{"line":810,"column":29},"end":{"line":816,"column":null}},"24":{"start":{"line":811,"column":16},"end":{"line":811,"column":null}},"25":{"start":{"line":811,"column":40},"end":{"line":811,"column":51}},"26":{"start":{"line":812,"column":2},"end":{"line":812,"column":null}},"27":{"start":{"line":812,"column":20},"end":{"line":812,"column":null}},"28":{"start":{"line":814,"column":2},"end":{"line":814,"column":null}},"29":{"start":{"line":815,"column":2},"end":{"line":815,"column":null}},"30":{"start":{"line":818,"column":29},"end":{"line":824,"column":null}},"31":{"start":{"line":819,"column":16},"end":{"line":819,"column":null}},"32":{"start":{"line":819,"column":40},"end":{"line":819,"column":51}},"33":{"start":{"line":820,"column":2},"end":{"line":820,"column":null}},"34":{"start":{"line":820,"column":20},"end":{"line":820,"column":null}},"35":{"start":{"line":822,"column":2},"end":{"line":822,"column":null}},"36":{"start":{"line":823,"column":2},"end":{"line":823,"column":null}}},"fnMap":{"0":{"name":"(anonymous_0)","decl":{"start":{"line":775,"column":30},"end":{"line":775,"column":47}},"loc":{"start":{"line":775,"column":47},"end":{"line":777,"column":null}},"line":775},"1":{"name":"(anonymous_1)","decl":{"start":{"line":779,"column":30},"end":{"line":779,"column":31}},"loc":{"start":{"line":779,"column":67},"end":{"line":781,"column":null}},"line":779},"2":{"name":"(anonymous_2)","decl":{"start":{"line":780,"column":23},"end":{"line":780,"column":28}},"loc":{"start":{"line":780,"column":28},"end":{"line":780,"column":39}},"line":780},"3":{"name":"(anonymous_3)","decl":{"start":{"line":783,"column":37},"end":{"line":783,"column":38}},"loc":{"start":{"line":783,"column":71},"end":{"line":785,"column":null}},"line":783},"4":{"name":"(anonymous_4)","decl":{"start":{"line":784,"column":25},"end":{"line":784,"column":30}},"loc":{"start":{"line":784,"column":30},"end":{"line":784,"column":55}},"line":784},"5":{"name":"(anonymous_5)","decl":{"start":{"line":787,"column":30},"end":{"line":787,"column":31}},"loc":{"start":{"line":787,"column":60},"end":{"line":794,"column":null}},"line":787},"6":{"name":"(anonymous_6)","decl":{"start":{"line":789,"column":25},"end":{"line":789,"column":null}},"loc":{"start":{"line":790,"column":4},"end":{"line":792,"column":null}},"line":790},"7":{"name":"(anonymous_7)","decl":{"start":{"line":796,"column":29},"end":{"line":796,"column":45}},"loc":{"start":{"line":796,"column":45},"end":{"line":798,"column":null}},"line":796},"8":{"name":"(anonymous_8)","decl":{"start":{"line":797,"column":41},"end":{"line":797,"column":46}},"loc":{"start":{"line":797,"column":46},"end":{"line":797,"column":57}},"line":797},"9":{"name":"(anonymous_9)","decl":{"start":{"line":801,"column":29},"end":{"line":801,"column":30}},"loc":{"start":{"line":801,"column":72},"end":{"line":808,"column":null}},"line":801},"10":{"name":"(anonymous_10)","decl":{"start":{"line":810,"column":29},"end":{"line":810,"column":30}},"loc":{"start":{"line":810,"column":88},"end":{"line":816,"column":null}},"line":810},"11":{"name":"(anonymous_11)","decl":{"start":{"line":811,"column":35},"end":{"line":811,"column":40}},"loc":{"start":{"line":811,"column":40},"end":{"line":811,"column":51}},"line":811},"12":{"name":"(anonymous_12)","decl":{"start":{"line":818,"column":29},"end":{"line":818,"column":30}},"loc":{"start":{"line":818,"column":54},"end":{"line":824,"column":null}},"line":818},"13":{"name":"(anonymous_13)","decl":{"start":{"line":819,"column":35},"end":{"line":819,"column":40}},"loc":{"start":{"line":819,"column":40},"end":{"line":819,"column":51}},"line":819}},"branchMap":{"0":{"loc":{"start":{"line":790,"column":4},"end":{"line":792,"column":null}},"type":"binary-expr","locations":[{"start":{"line":790,"column":4},"end":{"line":790,"column":null}},{"start":{"line":791,"column":4},"end":{"line":791,"column":null}},{"start":{"line":792,"column":4},"end":{"line":792,"column":null}}],"line":790},"1":{"loc":{"start":{"line":802,"column":17},"end":{"line":802,"column":null}},"type":"binary-expr","locations":[{"start":{"line":802,"column":17},"end":{"line":802,"column":54}},{"start":{"line":802,"column":54},"end":{"line":802,"column":null}}],"line":802},"2":{"loc":{"start":{"line":803,"column":22},"end":{"line":803,"column":null}},"type":"binary-expr","locations":[{"start":{"line":803,"column":22},"end":{"line":803,"column":55}},{"start":{"line":803,"column":55},"end":{"line":803,"column":null}}],"line":803},"3":{"loc":{"start":{"line":812,"column":2},"end":{"line":812,"column":null}},"type":"if","locations":[{"start":{"line":812,"column":2},"end":{"line":812,"column":null}},{"start":{},"end":{}}],"line":812},"4":{"loc":{"start":{"line":820,"column":2},"end":{"line":820,"column":null}},"type":"if","locations":[{"start":{"line":820,"column":2},"end":{"line":820,"column":null}},{"start":{},"end":{}}],"line":820}},"s":{"0":1,"1":1,"2":0,"3":1,"4":0,"5":0,"6":1,"7":0,"8":0,"9":1,"10":0,"11":0,"12":0,"13":1,"14":0,"15":0,"16":1,"17":0,"18":0,"19":0,"20":0,"21":0,"22":0,"23":1,"24":0,"25":0,"26":0,"27":0,"28":0,"29":0,"30":1,"31":0,"32":0,"33":0,"34":0,"35":0,"36":0},"f":{"0":0,"1":0,"2":0,"3":0,"4":0,"5":0,"6":0,"7":0,"8":0,"9":0,"10":0,"11":0,"12":0,"13":0},"b":{"0":[0,0,0],"1":[0,0],"2":[0,0],"3":[0,0],"4":[0,0]},"meta":{"lastBranch":5,"lastFunction":14,"lastStatement":37,"seen":{"s:13:35:772:Infinity":0,"s:775:30:777:Infinity":1,"f:775:30:775:47":0,"s:776:2:776:Infinity":2,"s:779:30:781:Infinity":3,"f:779:30:779:31":1,"s:780:2:780:Infinity":4,"f:780:23:780:28":2,"s:780:28:780:39":5,"s:783:37:785:Infinity":6,"f:783:37:783:38":3,"s:784:2:784:Infinity":7,"f:784:25:784:30":4,"s:784:30:784:55":8,"s:787:30:794:Infinity":9,"f:787:30:787:31":5,"s:788:21:788:Infinity":10,"s:789:2:793:Infinity":11,"f:789:25:789:Infinity":6,"s:790:4:792:Infinity":12,"b:790:4:790:Infinity:791:4:791:Infinity:792:4:792:Infinity":0,"s:796:29:798:Infinity":13,"f:796:29:796:45":7,"s:797:2:797:Infinity":14,"f:797:41:797:46":8,"s:797:46:797:57":15,"s:801:29:808:Infinity":16,"f:801:29:801:30":9,"s:802:17:802:Infinity":17,"b:802:17:802:54:802:54:802:Infinity":1,"s:803:22:803:Infinity":18,"b:803:22:803:55:803:55:803:Infinity":2,"s:804:16:804:Infinity":19,"s:805:21:805:Infinity":20,"s:806:2:806:Infinity":21,"s:807:2:807:Infinity":22,"s:810:29:816:Infinity":23,"f:810:29:810:30":10,"s:811:16:811:Infinity":24,"f:811:35:811:40":11,"s:811:40:811:51":25,"b:812:2:812:Infinity:undefined:undefined:undefined:undefined":3,"s:812:2:812:Infinity":26,"s:812:20:812:Infinity":27,"s:814:2:814:Infinity":28,"s:815:2:815:Infinity":29,"s:818:29:824:Infinity":30,"f:818:29:818:30":12,"s:819:16:819:Infinity":31,"f:819:35:819:40":13,"s:819:40:819:51":32,"b:820:2:820:Infinity:undefined:undefined:undefined:undefined":4,"s:820:2:820:Infinity":33,"s:820:20:820:Infinity":34,"s:822:2:822:Infinity":35,"s:823:2:823:Infinity":36}}}
,"D:\\Duoc\\Fullstack 2\\lvlup-FullStack2 P2\\src\\utils\\productService.ts": {"path":"D:\\Duoc\\Fullstack 2\\lvlup-FullStack2 P2\\src\\utils\\productService.ts","statementMap":{"0":{"start":{"line":4,"column":20},"end":{"line":4,"column":null}},"1":{"start":{"line":7,"column":2},"end":{"line":9,"column":null}},"2":{"start":{"line":8,"column":4},"end":{"line":8,"column":null}},"3":{"start":{"line":13,"column":2},"end":{"line":13,"column":null}},"4":{"start":{"line":14,"column":14},"end":{"line":14,"column":null}},"5":{"start":{"line":15,"column":2},"end":{"line":19,"column":null}},"6":{"start":{"line":16,"column":4},"end":{"line":16,"column":null}},"7":{"start":{"line":18,"column":4},"end":{"line":18,"column":null}},"8":{"start":{"line":23,"column":2},"end":{"line":23,"column":null}},"9":{"start":{"line":25,"column":2},"end":{"line":29,"column":null}},"10":{"start":{"line":26,"column":4},"end":{"line":26,"column":null}},"11":{"start":{"line":33,"column":2},"end":{"line":33,"column":null}},"12":{"start":{"line":33,"column":35},"end":{"line":33,"column":46}},"13":{"start":{"line":37,"column":15},"end":{"line":37,"column":null}},"14":{"start":{"line":38,"column":16},"end":{"line":38,"column":null}},"15":{"start":{"line":39,"column":8},"end":{"line":39,"column":null}},"16":{"start":{"line":40,"column":13},"end":{"line":40,"column":null}},"17":{"start":{"line":41,"column":30},"end":{"line":41,"column":null}},"18":{"start":{"line":42,"column":2},"end":{"line":42,"column":null}},"19":{"start":{"line":43,"column":2},"end":{"line":43,"column":null}},"20":{"start":{"line":44,"column":2},"end":{"line":44,"column":null}},"21":{"start":{"line":48,"column":15},"end":{"line":48,"column":null}},"22":{"start":{"line":49,"column":14},"end":{"line":49,"column":null}},"23":{"start":{"line":49,"column":36},"end":{"line":49,"column":55}},"24":{"start":{"line":50,"column":2},"end":{"line":50,"column":null}},"25":{"start":{"line":50,"column":18},"end":{"line":50,"column":null}},"26":{"start":{"line":51,"column":2},"end":{"line":51,"column":null}},"27":{"start":{"line":52,"column":2},"end":{"line":52,"column":null}},"28":{"start":{"line":53,"column":2},"end":{"line":53,"column":null}},"29":{"start":{"line":57,"column":15},"end":{"line":57,"column":null}},"30":{"start":{"line":58,"column":18},"end":{"line":58,"column":null}},"31":{"start":{"line":58,"column":37},"end":{"line":58,"column":48}},"32":{"start":{"line":59,"column":2},"end":{"line":59,"column":null}},"33":{"start":{"line":59,"column":38},"end":{"line":59,"column":null}},"34":{"start":{"line":60,"column":2},"end":{"line":60,"column":null}},"35":{"start":{"line":61,"column":2},"end":{"line":61,"column":null}},"36":{"start":{"line":73,"column":15},"end":{"line":73,"column":null}},"37":{"start":{"line":74,"column":53},"end":{"line":74,"column":null}},"38":{"start":{"line":77,"column":2},"end":{"line":86,"column":null}},"39":{"start":{"line":78,"column":14},"end":{"line":78,"column":null}},"40":{"start":{"line":78,"column":31},"end":{"line":78,"column":45}},"41":{"start":{"line":79,"column":4},"end":{"line":82,"column":null}},"42":{"start":{"line":80,"column":6},"end":{"line":80,"column":null}},"43":{"start":{"line":81,"column":6},"end":{"line":81,"column":null}},"44":{"start":{"line":83,"column":4},"end":{"line":85,"column":null}},"45":{"start":{"line":84,"column":6},"end":{"line":84,"column":null}},"46":{"start":{"line":88,"column":2},"end":{"line":90,"column":null}},"47":{"start":{"line":89,"column":4},"end":{"line":89,"column":null}},"48":{"start":{"line":93,"column":18},"end":{"line":99,"column":null}},"49":{"start":{"line":94,"column":18},"end":{"line":94,"column":null}},"50":{"start":{"line":94,"column":37},"end":{"line":94,"column":51}},"51":{"start":{"line":95,"column":4},"end":{"line":97,"column":null}},"52":{"start":{"line":96,"column":6},"end":{"line":96,"column":null}},"53":{"start":{"line":98,"column":4},"end":{"line":98,"column":null}},"54":{"start":{"line":101,"column":2},"end":{"line":101,"column":null}},"55":{"start":{"line":102,"column":2},"end":{"line":102,"column":null}}},"fnMap":{"0":{"name":"initProducts","decl":{"start":{"line":6,"column":9},"end":{"line":6,"column":24}},"loc":{"start":{"line":6,"column":24},"end":{"line":10,"column":null}},"line":6},"1":{"name":"getProducts","decl":{"start":{"line":12,"column":16},"end":{"line":12,"column":41}},"loc":{"start":{"line":12,"column":41},"end":{"line":20,"column":null}},"line":12},"2":{"name":"saveProducts","decl":{"start":{"line":22,"column":9},"end":{"line":22,"column":22}},"loc":{"start":{"line":22,"column":39},"end":{"line":30,"column":null}},"line":22},"3":{"name":"getProductById","decl":{"start":{"line":32,"column":16},"end":{"line":32,"column":31}},"loc":{"start":{"line":32,"column":64},"end":{"line":34,"column":null}},"line":32},"4":{"name":"(anonymous_4)","decl":{"start":{"line":33,"column":28},"end":{"line":33,"column":29}},"loc":{"start":{"line":33,"column":35},"end":{"line":33,"column":46}},"line":33},"5":{"name":"createProduct","decl":{"start":{"line":36,"column":16},"end":{"line":36,"column":30}},"loc":{"start":{"line":36,"column":66},"end":{"line":45,"column":null}},"line":36},"6":{"name":"updateProduct","decl":{"start":{"line":47,"column":16},"end":{"line":47,"column":30}},"loc":{"start":{"line":47,"column":57},"end":{"line":54,"column":null}},"line":47},"7":{"name":"(anonymous_7)","decl":{"start":{"line":49,"column":29},"end":{"line":49,"column":30}},"loc":{"start":{"line":49,"column":36},"end":{"line":49,"column":55}},"line":49},"8":{"name":"deleteProduct","decl":{"start":{"line":56,"column":16},"end":{"line":56,"column":30}},"loc":{"start":{"line":56,"column":51},"end":{"line":62,"column":null}},"line":56},"9":{"name":"(anonymous_9)","decl":{"start":{"line":58,"column":30},"end":{"line":58,"column":31}},"loc":{"start":{"line":58,"column":37},"end":{"line":58,"column":48}},"line":58},"10":{"name":"decrementStock","decl":{"start":{"line":69,"column":16},"end":{"line":69,"column":31}},"loc":{"start":{"line":72,"column":2},"end":{"line":103,"column":null}},"line":72},"11":{"name":"(anonymous_11)","decl":{"start":{"line":78,"column":24},"end":{"line":78,"column":25}},"loc":{"start":{"line":78,"column":31},"end":{"line":78,"column":45}},"line":78},"12":{"name":"(anonymous_12)","decl":{"start":{"line":93,"column":27},"end":{"line":93,"column":28}},"loc":{"start":{"line":93,"column":34},"end":{"line":99,"column":3}},"line":93},"13":{"name":"(anonymous_13)","decl":{"start":{"line":94,"column":29},"end":{"line":94,"column":30}},"loc":{"start":{"line":94,"column":37},"end":{"line":94,"column":51}},"line":94}},"branchMap":{"0":{"loc":{"start":{"line":7,"column":2},"end":{"line":9,"column":null}},"type":"if","locations":[{"start":{"line":7,"column":2},"end":{"line":9,"column":null}},{"start":{},"end":{}}],"line":7},"1":{"loc":{"start":{"line":14,"column":14},"end":{"line":14,"column":null}},"type":"binary-expr","locations":[{"start":{"line":14,"column":14},"end":{"line":14,"column":51}},{"start":{"line":14,"column":51},"end":{"line":14,"column":null}}],"line":14},"2":{"loc":{"start":{"line":38,"column":16},"end":{"line":38,"column":null}},"type":"binary-expr","locations":[{"start":{"line":38,"column":16},"end":{"line":38,"column":49}},{"start":{"line":38,"column":49},"end":{"line":38,"column":null}}],"line":38},"3":{"loc":{"start":{"line":39,"column":18},"end":{"line":39,"column":54}},"type":"binary-expr","locations":[{"start":{"line":39,"column":18},"end":{"line":39,"column":48}},{"start":{"line":39,"column":48},"end":{"line":39,"column":54}}],"line":39},"4":{"loc":{"start":{"line":50,"column":2},"end":{"line":50,"column":null}},"type":"if","locations":[{"start":{"line":50,"column":2},"end":{"line":50,"column":null}},{"start":{},"end":{}}],"line":50},"5":{"loc":{"start":{"line":59,"column":2},"end":{"line":59,"column":null}},"type":"if","locations":[{"start":{"line":59,"column":2},"end":{"line":59,"column":null}},{"start":{},"end":{}}],"line":59},"6":{"loc":{"start":{"line":79,"column":4},"end":{"line":82,"column":null}},"type":"if","locations":[{"start":{"line":79,"column":4},"end":{"line":82,"column":null}},{"start":{},"end":{}}],"line":79},"7":{"loc":{"start":{"line":83,"column":4},"end":{"line":85,"column":null}},"type":"if","locations":[{"start":{"line":83,"column":4},"end":{"line":85,"column":null}},{"start":{},"end":{}}],"line":83},"8":{"loc":{"start":{"line":88,"column":2},"end":{"line":90,"column":null}},"type":"if","locations":[{"start":{"line":88,"column":2},"end":{"line":90,"column":null}},{"start":{},"end":{}}],"line":88},"9":{"loc":{"start":{"line":95,"column":4},"end":{"line":97,"column":null}},"type":"if","locations":[{"start":{"line":95,"column":4},"end":{"line":97,"column":null}},{"start":{},"end":{}}],"line":95}},"s":{"0":1,"1":9,"2":4,"3":9,"4":9,"5":9,"6":9,"7":0,"8":5,"9":5,"10":5,"11":0,"12":0,"13":3,"14":3,"15":3,"16":3,"17":3,"18":3,"19":3,"20":3,"21":0,"22":0,"23":0,"24":0,"25":0,"26":0,"27":0,"28":0,"29":1,"30":1,"31":84,"32":1,"33":0,"34":1,"35":1,"36":1,"37":1,"38":1,"39":1,"40":84,"41":1,"42":0,"43":0,"44":1,"45":0,"46":1,"47":0,"48":1,"49":84,"50":84,"51":84,"52":1,"53":83,"54":1,"55":1},"f":{"0":9,"1":9,"2":5,"3":0,"4":0,"5":3,"6":0,"7":0,"8":1,"9":84,"10":1,"11":84,"12":84,"13":84},"b":{"0":[4,5],"1":[9,0],"2":[3,0],"3":[3,0],"4":[0,0],"5":[0,1],"6":[0,1],"7":[0,1],"8":[0,1],"9":[1,83]},"meta":{"lastBranch":10,"lastFunction":14,"lastStatement":56,"seen":{"s:4:20:4:Infinity":0,"f:6:9:6:24":0,"b:7:2:9:Infinity:undefined:undefined:undefined:undefined":0,"s:7:2:9:Infinity":1,"s:8:4:8:Infinity":2,"f:12:16:12:41":1,"s:13:2:13:Infinity":3,"s:14:14:14:Infinity":4,"b:14:14:14:51:14:51:14:Infinity":1,"s:15:2:19:Infinity":5,"s:16:4:16:Infinity":6,"s:18:4:18:Infinity":7,"f:22:9:22:22":2,"s:23:2:23:Infinity":8,"s:25:2:29:Infinity":9,"s:26:4:26:Infinity":10,"f:32:16:32:31":3,"s:33:2:33:Infinity":11,"f:33:28:33:29":4,"s:33:35:33:46":12,"f:36:16:36:30":5,"s:37:15:37:Infinity":13,"s:38:16:38:Infinity":14,"b:38:16:38:49:38:49:38:Infinity":2,"s:39:8:39:Infinity":15,"b:39:18:39:48:39:48:39:54":3,"s:40:13:40:Infinity":16,"s:41:30:41:Infinity":17,"s:42:2:42:Infinity":18,"s:43:2:43:Infinity":19,"s:44:2:44:Infinity":20,"f:47:16:47:30":6,"s:48:15:48:Infinity":21,"s:49:14:49:Infinity":22,"f:49:29:49:30":7,"s:49:36:49:55":23,"b:50:2:50:Infinity:undefined:undefined:undefined:undefined":4,"s:50:2:50:Infinity":24,"s:50:18:50:Infinity":25,"s:51:2:51:Infinity":26,"s:52:2:52:Infinity":27,"s:53:2:53:Infinity":28,"f:56:16:56:30":8,"s:57:15:57:Infinity":29,"s:58:18:58:Infinity":30,"f:58:30:58:31":9,"s:58:37:58:48":31,"b:59:2:59:Infinity:undefined:undefined:undefined:undefined":5,"s:59:2:59:Infinity":32,"s:59:38:59:Infinity":33,"s:60:2:60:Infinity":34,"s:61:2:61:Infinity":35,"f:69:16:69:31":10,"s:73:15:73:Infinity":36,"s:74:53:74:Infinity":37,"s:77:2:86:Infinity":38,"s:78:14:78:Infinity":39,"f:78:24:78:25":11,"s:78:31:78:45":40,"b:79:4:82:Infinity:undefined:undefined:undefined:undefined":6,"s:79:4:82:Infinity":41,"s:80:6:80:Infinity":42,"s:81:6:81:Infinity":43,"b:83:4:85:Infinity:undefined:undefined:undefined:undefined":7,"s:83:4:85:Infinity":44,"s:84:6:84:Infinity":45,"b:88:2:90:Infinity:undefined:undefined:undefined:undefined":8,"s:88:2:90:Infinity":46,"s:89:4:89:Infinity":47,"s:93:18:99:Infinity":48,"f:93:27:93:28":12,"s:94:18:94:Infinity":49,"f:94:29:94:30":13,"s:94:37:94:51":50,"b:95:4:97:Infinity:undefined:undefined:undefined:undefined":9,"s:95:4:97:Infinity":51,"s:96:6:96:Infinity":52,"s:98:4:98:Infinity":53,"s:101:2:101:Infinity":54,"s:102:2:102:Infinity":55}}}
,"D:\\Duoc\\Fullstack 2\\lvlup-FullStack2 P2\\src\\utils\\userService.ts": {"path":"D:\\Duoc\\Fullstack 2\\lvlup-FullStack2 P2\\src\\utils\\userService.ts","statementMap":{"0":{"start":{"line":17,"column":20},"end":{"line":17,"column":null}},"1":{"start":{"line":20,"column":2},"end":{"line":22,"column":null}},"2":{"start":{"line":21,"column":4},"end":{"line":21,"column":null}},"3":{"start":{"line":26,"column":2},"end":{"line":26,"column":null}},"4":{"start":{"line":27,"column":2},"end":{"line":33,"column":null}},"5":{"start":{"line":28,"column":16},"end":{"line":28,"column":null}},"6":{"start":{"line":29,"column":16},"end":{"line":29,"column":null}},"7":{"start":{"line":30,"column":4},"end":{"line":30,"column":null}},"8":{"start":{"line":32,"column":4},"end":{"line":32,"column":null}},"9":{"start":{"line":37,"column":2},"end":{"line":40,"column":null}},"10":{"start":{"line":39,"column":36},"end":{"line":39,"column":45}},"11":{"start":{"line":44,"column":17},"end":{"line":44,"column":null}},"12":{"start":{"line":45,"column":2},"end":{"line":45,"column":null}},"13":{"start":{"line":49,"column":2},"end":{"line":49,"column":null}},"14":{"start":{"line":49,"column":15},"end":{"line":49,"column":null}},"15":{"start":{"line":50,"column":2},"end":{"line":50,"column":null}},"16":{"start":{"line":50,"column":32},"end":{"line":50,"column":51}},"17":{"start":{"line":54,"column":2},"end":{"line":54,"column":null}},"18":{"start":{"line":54,"column":17},"end":{"line":54,"column":null}},"19":{"start":{"line":55,"column":2},"end":{"line":67,"column":null}},"20":{"start":{"line":57,"column":4},"end":{"line":62,"column":null}},"21":{"start":{"line":61,"column":6},"end":{"line":61,"column":null}},"22":{"start":{"line":64,"column":4},"end":{"line":64,"column":null}},"23":{"start":{"line":66,"column":4},"end":{"line":66,"column":null}},"24":{"start":{"line":74,"column":2},"end":{"line":74,"column":null}},"25":{"start":{"line":74,"column":28},"end":{"line":74,"column":null}},"26":{"start":{"line":75,"column":15},"end":{"line":75,"column":null}},"27":{"start":{"line":76,"column":2},"end":{"line":76,"column":null}},"28":{"start":{"line":76,"column":13},"end":{"line":76,"column":null}},"29":{"start":{"line":77,"column":14},"end":{"line":77,"column":null}},"30":{"start":{"line":79,"column":2},"end":{"line":79,"column":null}},"31":{"start":{"line":79,"column":43},"end":{"line":79,"column":null}},"32":{"start":{"line":80,"column":2},"end":{"line":80,"column":null}},"33":{"start":{"line":84,"column":15},"end":{"line":84,"column":null}},"34":{"start":{"line":86,"column":2},"end":{"line":91,"column":null}},"35":{"start":{"line":87,"column":19},"end":{"line":87,"column":null}},"36":{"start":{"line":87,"column":36},"end":{"line":87,"column":60}},"37":{"start":{"line":88,"column":4},"end":{"line":90,"column":null}},"38":{"start":{"line":89,"column":6},"end":{"line":89,"column":null}},"39":{"start":{"line":92,"column":13},"end":{"line":92,"column":null}},"40":{"start":{"line":93,"column":21},"end":{"line":105,"column":null}},"41":{"start":{"line":107,"column":2},"end":{"line":109,"column":null}},"42":{"start":{"line":108,"column":5},"end":{"line":108,"column":null}},"43":{"start":{"line":110,"column":2},"end":{"line":110,"column":null}},"44":{"start":{"line":111,"column":2},"end":{"line":111,"column":null}},"45":{"start":{"line":112,"column":2},"end":{"line":112,"column":null}},"46":{"start":{"line":116,"column":15},"end":{"line":116,"column":null}},"47":{"start":{"line":118,"column":2},"end":{"line":123,"column":null}},"48":{"start":{"line":119,"column":21},"end":{"line":121,"column":null}},"49":{"start":{"line":120,"column":13},"end":{"line":120,"column":null}},"50":{"start":{"line":122,"column":4},"end":{"line":122,"column":null}},"51":{"start":{"line":122,"column":18},"end":{"line":122,"column":null}},"52":{"start":{"line":124,"column":14},"end":{"line":124,"column":null}},"53":{"start":{"line":124,"column":36},"end":{"line":124,"column":55}},"54":{"start":{"line":125,"column":2},"end":{"line":125,"column":null}},"55":{"start":{"line":125,"column":18},"end":{"line":125,"column":null}},"56":{"start":{"line":126,"column":17},"end":{"line":126,"column":null}},"57":{"start":{"line":127,"column":2},"end":{"line":127,"column":null}},"58":{"start":{"line":128,"column":2},"end":{"line":128,"column":null}},"59":{"start":{"line":129,"column":2},"end":{"line":129,"column":null}},"60":{"start":{"line":130,"column":2},"end":{"line":130,"column":null}},"61":{"start":{"line":134,"column":15},"end":{"line":134,"column":null}},"62":{"start":{"line":135,"column":18},"end":{"line":137,"column":null}},"63":{"start":{"line":136,"column":11},"end":{"line":136,"column":null}},"64":{"start":{"line":138,"column":2},"end":{"line":138,"column":null}},"65":{"start":{"line":138,"column":38},"end":{"line":138,"column":null}},"66":{"start":{"line":139,"column":2},"end":{"line":139,"column":null}},"67":{"start":{"line":140,"column":2},"end":{"line":140,"column":null}}},"fnMap":{"0":{"name":"initUsers","decl":{"start":{"line":19,"column":9},"end":{"line":19,"column":19}},"loc":{"start":{"line":19,"column":52},"end":{"line":23,"column":null}},"line":19},"1":{"name":"getUsers","decl":{"start":{"line":25,"column":16},"end":{"line":25,"column":35}},"loc":{"start":{"line":25,"column":35},"end":{"line":34,"column":null}},"line":25},"2":{"name":"saveUsers","decl":{"start":{"line":36,"column":9},"end":{"line":36,"column":19}},"loc":{"start":{"line":36,"column":33},"end":{"line":41,"column":null}},"line":36},"3":{"name":"(anonymous_3)","decl":{"start":{"line":39,"column":28},"end":{"line":39,"column":29}},"loc":{"start":{"line":39,"column":36},"end":{"line":39,"column":45}},"line":39},"4":{"name":"normalizeUser","decl":{"start":{"line":43,"column":9},"end":{"line":43,"column":23}},"loc":{"start":{"line":43,"column":38},"end":{"line":46,"column":null}},"line":43},"5":{"name":"getUserByCorreo","decl":{"start":{"line":48,"column":16},"end":{"line":48,"column":32}},"loc":{"start":{"line":48,"column":67},"end":{"line":51,"column":null}},"line":48},"6":{"name":"(anonymous_6)","decl":{"start":{"line":50,"column":25},"end":{"line":50,"column":26}},"loc":{"start":{"line":50,"column":32},"end":{"line":50,"column":51}},"line":50},"7":{"name":"encodePassword","decl":{"start":{"line":53,"column":9},"end":{"line":53,"column":24}},"loc":{"start":{"line":53,"column":43},"end":{"line":68,"column":null}},"line":53},"8":{"name":"authenticate","decl":{"start":{"line":70,"column":16},"end":{"line":70,"column":null}},"loc":{"start":{"line":73,"column":20},"end":{"line":81,"column":null}},"line":73},"9":{"name":"createUser","decl":{"start":{"line":83,"column":16},"end":{"line":83,"column":27}},"loc":{"start":{"line":83,"column":54},"end":{"line":113,"column":null}},"line":83},"10":{"name":"(anonymous_10)","decl":{"start":{"line":87,"column":29},"end":{"line":87,"column":30}},"loc":{"start":{"line":87,"column":36},"end":{"line":87,"column":60}},"line":87},"11":{"name":"updateUser","decl":{"start":{"line":115,"column":16},"end":{"line":115,"column":27}},"loc":{"start":{"line":115,"column":77},"end":{"line":131,"column":null}},"line":115},"12":{"name":"(anonymous_12)","decl":{"start":{"line":120,"column":6},"end":{"line":120,"column":7}},"loc":{"start":{"line":120,"column":13},"end":{"line":120,"column":null}},"line":120},"13":{"name":"(anonymous_13)","decl":{"start":{"line":124,"column":29},"end":{"line":124,"column":30}},"loc":{"start":{"line":124,"column":36},"end":{"line":124,"column":55}},"line":124},"14":{"name":"deleteUser","decl":{"start":{"line":133,"column":16},"end":{"line":133,"column":27}},"loc":{"start":{"line":133,"column":56},"end":{"line":141,"column":null}},"line":133},"15":{"name":"(anonymous_15)","decl":{"start":{"line":136,"column":4},"end":{"line":136,"column":5}},"loc":{"start":{"line":136,"column":11},"end":{"line":136,"column":null}},"line":136}},"branchMap":{"0":{"loc":{"start":{"line":19,"column":19},"end":{"line":19,"column":52}},"type":"default-arg","locations":[{"start":{"line":19,"column":48},"end":{"line":19,"column":52}}],"line":19},"1":{"loc":{"start":{"line":20,"column":2},"end":{"line":22,"column":null}},"type":"if","locations":[{"start":{"line":20,"column":2},"end":{"line":22,"column":null}},{"start":{},"end":{}}],"line":20},"2":{"loc":{"start":{"line":28,"column":16},"end":{"line":28,"column":null}},"type":"binary-expr","locations":[{"start":{"line":28,"column":16},"end":{"line":28,"column":53}},{"start":{"line":28,"column":53},"end":{"line":28,"column":null}}],"line":28},"3":{"loc":{"start":{"line":44,"column":17},"end":{"line":44,"column":null}},"type":"binary-expr","locations":[{"start":{"line":44,"column":17},"end":{"line":44,"column":29}},{"start":{"line":44,"column":29},"end":{"line":44,"column":42}},{"start":{"line":44,"column":42},"end":{"line":44,"column":null}}],"line":44},"4":{"loc":{"start":{"line":49,"column":2},"end":{"line":49,"column":null}},"type":"if","locations":[{"start":{"line":49,"column":2},"end":{"line":49,"column":null}},{"start":{},"end":{}}],"line":49},"5":{"loc":{"start":{"line":54,"column":2},"end":{"line":54,"column":null}},"type":"if","locations":[{"start":{"line":54,"column":2},"end":{"line":54,"column":null}},{"start":{},"end":{}}],"line":54},"6":{"loc":{"start":{"line":57,"column":4},"end":{"line":62,"column":null}},"type":"if","locations":[{"start":{"line":57,"column":4},"end":{"line":62,"column":null}},{"start":{},"end":{}}],"line":57},"7":{"loc":{"start":{"line":58,"column":6},"end":{"line":59,"column":null}},"type":"binary-expr","locations":[{"start":{"line":58,"column":6},"end":{"line":58,"column":null}},{"start":{"line":59,"column":6},"end":{"line":59,"column":null}}],"line":58},"8":{"loc":{"start":{"line":74,"column":2},"end":{"line":74,"column":null}},"type":"if","locations":[{"start":{"line":74,"column":2},"end":{"line":74,"column":null}},{"start":{},"end":{}}],"line":74},"9":{"loc":{"start":{"line":74,"column":6},"end":{"line":74,"column":28}},"type":"binary-expr","locations":[{"start":{"line":74,"column":6},"end":{"line":74,"column":17}},{"start":{"line":74,"column":17},"end":{"line":74,"column":28}}],"line":74},"10":{"loc":{"start":{"line":76,"column":2},"end":{"line":76,"column":null}},"type":"if","locations":[{"start":{"line":76,"column":2},"end":{"line":76,"column":null}},{"start":{},"end":{}}],"line":76},"11":{"loc":{"start":{"line":79,"column":2},"end":{"line":79,"column":null}},"type":"if","locations":[{"start":{"line":79,"column":2},"end":{"line":79,"column":null}},{"start":{},"end":{}}],"line":79},"12":{"loc":{"start":{"line":79,"column":6},"end":{"line":79,"column":43}},"type":"binary-expr","locations":[{"start":{"line":79,"column":6},"end":{"line":79,"column":13}},{"start":{"line":79,"column":13},"end":{"line":79,"column":25}},{"start":{"line":79,"column":25},"end":{"line":79,"column":43}}],"line":79},"13":{"loc":{"start":{"line":86,"column":2},"end":{"line":91,"column":null}},"type":"if","locations":[{"start":{"line":86,"column":2},"end":{"line":91,"column":null}},{"start":{},"end":{}}],"line":86},"14":{"loc":{"start":{"line":88,"column":4},"end":{"line":90,"column":null}},"type":"if","locations":[{"start":{"line":88,"column":4},"end":{"line":90,"column":null}},{"start":{},"end":{}}],"line":88},"15":{"loc":{"start":{"line":95,"column":12},"end":{"line":95,"column":null}},"type":"binary-expr","locations":[{"start":{"line":95,"column":12},"end":{"line":95,"column":27}},{"start":{"line":95,"column":27},"end":{"line":95,"column":43}},{"start":{"line":95,"column":43},"end":{"line":95,"column":null}}],"line":95},"16":{"loc":{"start":{"line":97,"column":15},"end":{"line":97,"column":null}},"type":"binary-expr","locations":[{"start":{"line":97,"column":15},"end":{"line":97,"column":33}},{"start":{"line":97,"column":33},"end":{"line":97,"column":null}}],"line":97},"17":{"loc":{"start":{"line":98,"column":12},"end":{"line":98,"column":null}},"type":"binary-expr","locations":[{"start":{"line":98,"column":12},"end":{"line":98,"column":27}},{"start":{"line":98,"column":27},"end":{"line":98,"column":null}}],"line":98},"18":{"loc":{"start":{"line":104,"column":9},"end":{"line":104,"column":null}},"type":"binary-expr","locations":[{"start":{"line":104,"column":9},"end":{"line":104,"column":21}},{"start":{"line":104,"column":21},"end":{"line":104,"column":null}}],"line":104},"19":{"loc":{"start":{"line":107,"column":2},"end":{"line":109,"column":null}},"type":"if","locations":[{"start":{"line":107,"column":2},"end":{"line":109,"column":null}},{"start":{},"end":{}}],"line":107},"20":{"loc":{"start":{"line":118,"column":2},"end":{"line":123,"column":null}},"type":"if","locations":[{"start":{"line":118,"column":2},"end":{"line":123,"column":null}},{"start":{},"end":{}}],"line":118},"21":{"loc":{"start":{"line":120,"column":13},"end":{"line":120,"column":null}},"type":"binary-expr","locations":[{"start":{"line":120,"column":13},"end":{"line":120,"column":44}},{"start":{"line":120,"column":44},"end":{"line":120,"column":null}}],"line":120},"22":{"loc":{"start":{"line":122,"column":4},"end":{"line":122,"column":null}},"type":"if","locations":[{"start":{"line":122,"column":4},"end":{"line":122,"column":null}},{"start":{},"end":{}}],"line":122},"23":{"loc":{"start":{"line":125,"column":2},"end":{"line":125,"column":null}},"type":"if","locations":[{"start":{"line":125,"column":2},"end":{"line":125,"column":null}},{"start":{},"end":{}}],"line":125},"24":{"loc":{"start":{"line":127,"column":18},"end":{"line":127,"column":null}},"type":"binary-expr","locations":[{"start":{"line":127,"column":18},"end":{"line":127,"column":35}},{"start":{"line":127,"column":35},"end":{"line":127,"column":53}},{"start":{"line":127,"column":53},"end":{"line":127,"column":null}}],"line":127},"25":{"loc":{"start":{"line":136,"column":11},"end":{"line":136,"column":null}},"type":"binary-expr","locations":[{"start":{"line":136,"column":11},"end":{"line":136,"column":34}},{"start":{"line":136,"column":34},"end":{"line":136,"column":null}}],"line":136},"26":{"loc":{"start":{"line":138,"column":2},"end":{"line":138,"column":null}},"type":"if","locations":[{"start":{"line":138,"column":2},"end":{"line":138,"column":null}},{"start":{},"end":{}}],"line":138}},"s":{"0":1,"1":9,"2":4,"3":9,"4":9,"5":9,"6":9,"7":9,"8":0,"9":5,"10":4,"11":4,"12":4,"13":0,"14":0,"15":0,"16":0,"17":0,"18":0,"19":0,"20":0,"21":0,"22":0,"23":0,"24":0,"25":0,"26":0,"27":0,"28":0,"29":0,"30":0,"31":0,"32":0,"33":3,"34":3,"35":3,"36":0,"37":3,"38":0,"39":3,"40":3,"41":3,"42":0,"43":3,"44":3,"45":3,"46":1,"47":1,"48":0,"49":0,"50":0,"51":0,"52":1,"53":1,"54":1,"55":0,"56":1,"57":1,"58":1,"59":1,"60":1,"61":1,"62":1,"63":1,"64":1,"65":0,"66":1,"67":1},"f":{"0":9,"1":9,"2":5,"3":4,"4":4,"5":0,"6":0,"7":0,"8":0,"9":3,"10":0,"11":1,"12":0,"13":1,"14":1,"15":1},"b":{"0":[9],"1":[4,5],"2":[9,0],"3":[4,0,0],"4":[0,0],"5":[0,0],"6":[0,0],"7":[0,0],"8":[0,0],"9":[0,0],"10":[0,0],"11":[0,0],"12":[0,0,0],"13":[3,0],"14":[0,3],"15":[3,0,0],"16":[3,1],"17":[3,0],"18":[3,2],"19":[0,3],"20":[0,1],"21":[0,0],"22":[0,0],"23":[0,1],"24":[1,0,0],"25":[1,0],"26":[0,1]},"meta":{"lastBranch":27,"lastFunction":16,"lastStatement":68,"seen":{"s:17:20:17:Infinity":0,"f:19:9:19:19":0,"b:19:48:19:52":0,"b:20:2:22:Infinity:undefined:undefined:undefined:undefined":1,"s:20:2:22:Infinity":1,"s:21:4:21:Infinity":2,"f:25:16:25:35":1,"s:26:2:26:Infinity":3,"s:27:2:33:Infinity":4,"s:28:16:28:Infinity":5,"b:28:16:28:53:28:53:28:Infinity":2,"s:29:16:29:Infinity":6,"s:30:4:30:Infinity":7,"s:32:4:32:Infinity":8,"f:36:9:36:19":2,"s:37:2:40:Infinity":9,"f:39:28:39:29":3,"s:39:36:39:45":10,"f:43:9:43:23":4,"s:44:17:44:Infinity":11,"b:44:17:44:29:44:29:44:42:44:42:44:Infinity":3,"s:45:2:45:Infinity":12,"f:48:16:48:32":5,"b:49:2:49:Infinity:undefined:undefined:undefined:undefined":4,"s:49:2:49:Infinity":13,"s:49:15:49:Infinity":14,"s:50:2:50:Infinity":15,"f:50:25:50:26":6,"s:50:32:50:51":16,"f:53:9:53:24":7,"b:54:2:54:Infinity:undefined:undefined:undefined:undefined":5,"s:54:2:54:Infinity":17,"s:54:17:54:Infinity":18,"s:55:2:67:Infinity":19,"b:57:4:62:Infinity:undefined:undefined:undefined:undefined":6,"s:57:4:62:Infinity":20,"b:58:6:58:Infinity:59:6:59:Infinity":7,"s:61:6:61:Infinity":21,"s:64:4:64:Infinity":22,"s:66:4:66:Infinity":23,"f:70:16:70:Infinity":8,"b:74:2:74:Infinity:undefined:undefined:undefined:undefined":8,"s:74:2:74:Infinity":24,"b:74:6:74:17:74:17:74:28":9,"s:74:28:74:Infinity":25,"s:75:15:75:Infinity":26,"b:76:2:76:Infinity:undefined:undefined:undefined:undefined":10,"s:76:2:76:Infinity":27,"s:76:13:76:Infinity":28,"s:77:14:77:Infinity":29,"b:79:2:79:Infinity:undefined:undefined:undefined:undefined":11,"s:79:2:79:Infinity":30,"b:79:6:79:13:79:13:79:25:79:25:79:43":12,"s:79:43:79:Infinity":31,"s:80:2:80:Infinity":32,"f:83:16:83:27":9,"s:84:15:84:Infinity":33,"b:86:2:91:Infinity:undefined:undefined:undefined:undefined":13,"s:86:2:91:Infinity":34,"s:87:19:87:Infinity":35,"f:87:29:87:30":10,"s:87:36:87:60":36,"b:88:4:90:Infinity:undefined:undefined:undefined:undefined":14,"s:88:4:90:Infinity":37,"s:89:6:89:Infinity":38,"s:92:13:92:Infinity":39,"s:93:21:105:Infinity":40,"b:95:12:95:27:95:27:95:43:95:43:95:Infinity":15,"b:97:15:97:33:97:33:97:Infinity":16,"b:98:12:98:27:98:27:98:Infinity":17,"b:104:9:104:21:104:21:104:Infinity":18,"b:107:2:109:Infinity:undefined:undefined:undefined:undefined":19,"s:107:2:109:Infinity":41,"s:108:5:108:Infinity":42,"s:110:2:110:Infinity":43,"s:111:2:111:Infinity":44,"s:112:2:112:Infinity":45,"f:115:16:115:27":11,"s:116:15:116:Infinity":46,"b:118:2:123:Infinity:undefined:undefined:undefined:undefined":20,"s:118:2:123:Infinity":47,"s:119:21:121:Infinity":48,"f:120:6:120:7":12,"s:120:13:120:Infinity":49,"b:120:13:120:44:120:44:120:Infinity":21,"b:122:4:122:Infinity:undefined:undefined:undefined:undefined":22,"s:122:4:122:Infinity":50,"s:122:18:122:Infinity":51,"s:124:14:124:Infinity":52,"f:124:29:124:30":13,"s:124:36:124:55":53,"b:125:2:125:Infinity:undefined:undefined:undefined:undefined":23,"s:125:2:125:Infinity":54,"s:125:18:125:Infinity":55,"s:126:17:126:Infinity":56,"s:127:2:127:Infinity":57,"b:127:18:127:35:127:35:127:53:127:53:127:Infinity":24,"s:128:2:128:Infinity":58,"s:129:2:129:Infinity":59,"s:130:2:130:Infinity":60,"f:133:16:133:27":14,"s:134:15:134:Infinity":61,"s:135:18:137:Infinity":62,"f:136:4:136:5":15,"s:136:11:136:Infinity":63,"b:136:11:136:34:136:34:136:Infinity":25,"b:138:2:138:Infinity:undefined:undefined:undefined:undefined":26,"s:138:2:138:Infinity":64,"s:138:38:138:Infinity":65,"s:139:2:139:Infinity":66,"s:140:2:140:Infinity":67}}}
}
